#
# There is insufficient memory for the Java Runtime Environment to continue.
# Native memory allocation (malloc) failed to allocate 1182576 bytes for Chunk::new
# Possible reasons:
#   The system is out of physical RAM or swap space
#   The process is running with CompressedOops enabled, and the Java Heap may be blocking the growth of the native heap
# Possible solutions:
#   Reduce memory load on the system
#   Increase physical memory or swap space
#   Check if swap backing store is full
#   Decrease Java heap size (-Xmx/-Xms)
#   Decrease number of Java threads
#   Decrease Java thread stack sizes (-Xss)
#   Set larger code cache with -XX:ReservedCodeCacheSize=
#   JVM is running with Zero Based Compressed Oops mode in which the Java heap is
#     placed in the first 32GB address space. The Java Heap base address is the
#     maximum limit for the native heap growth. Please use -XX:HeapBaseMinAddress
#     to set the Java Heap base and to place the Java Heap above 32GB virtual address.
# This output file may be truncated or incomplete.
#
#  Out of Memory Error (arena.cpp:189), pid=44068, tid=44128
#
# JRE version: Java(TM) SE Runtime Environment (17.0.8+9) (build 17.0.8+9-LTS-211)
# Java VM: Java HotSpot(TM) 64-Bit Server VM (17.0.8+9-LTS-211, mixed mode, sharing, tiered, compressed oops, compressed class ptrs, g1 gc, windows-amd64)
# No core dump will be written. Minidumps are not enabled by default on client versions of Windows
#

---------------  S U M M A R Y ------------

Command Line: -Dmaven.home=EMBEDDED -Dclassworlds.conf=C:\Users\DELL\eclipse\jee-2022-09\.metadata\.plugins\org.eclipse.m2e.launching\launches\m2conf14351749562096733159.tmp -Dmaven.multiModuleProjectDirectory=D:\git\quanlybooking -Dm2e.build.project.data.socket.port=53934 -Dfile.encoding=UTF-8 -Dstdout.encoding=UTF-8 -Dstderr.encoding=UTF-8 -XX:+ShowCodeDetailsInExceptionMessages org.codehaus.plexus.classworlds.launcher.Launcher -B -Dstyle.color=always install

Host: 12th Gen Intel(R) Core(TM) i5-1235U, 12 cores, 15G,  Windows 11 , 64 bit Build 22621 (10.0.22621.3672)
Time: Wed Aug 21 21:59:05 2024 SE Asia Standard Time elapsed time: 4.530550 seconds (0d 0h 0m 4s)

---------------  T H R E A D  ---------------

Current thread (0x0000023abb76ef10):  JavaThread "C2 CompilerThread0" daemon [_thread_in_native, id=44128, stack(0x000000f475300000,0x000000f475400000)]


Current CompileTask:
C2:   4530 8100   !   4       com.sun.tools.javac.file.JavacFileManager$ArchiveContainer::walkDirectories (134 bytes)

Stack: [0x000000f475300000,0x000000f475400000]
Native frames: (J=compiled Java code, j=interpreted, Vv=VM code, C=native code)
V  [jvm.dll+0x677d0a]
V  [jvm.dll+0x7d8c54]
V  [jvm.dll+0x7da3fe]
V  [jvm.dll+0x7daa63]
V  [jvm.dll+0x245c5f]
V  [jvm.dll+0xaaa6b]
V  [jvm.dll+0xab00c]
V  [jvm.dll+0x2ab5cf]
V  [jvm.dll+0x580435]
V  [jvm.dll+0x220b22]
V  [jvm.dll+0x220eff]
V  [jvm.dll+0x219e56]
V  [jvm.dll+0x217329]
V  [jvm.dll+0x1a3af0]
V  [jvm.dll+0x2270be]
V  [jvm.dll+0x22535b]
V  [jvm.dll+0x78e7bc]
V  [jvm.dll+0x788bba]
V  [jvm.dll+0x676b35]
C  [ucrtbase.dll+0x29333]
C  [KERNEL32.DLL+0x1257d]
C  [ntdll.dll+0x5af28]


---------------  P R O C E S S  ---------------

Threads class SMR info:
_java_thread_list=0x0000023afd79b290, length=14, elements={
0x0000023a987aa310, 0x0000023abb7548c0, 0x0000023abb755640, 0x0000023abb76a160,
0x0000023abb76ad10, 0x0000023abb76d7d0, 0x0000023abb76e180, 0x0000023abb76ef10,
0x0000023abb770bf0, 0x0000023abb77b600, 0x0000023abb8a6a80, 0x0000023abb8b2790,
0x0000023afd4b7990, 0x0000023afd9838f0
}

Java Threads: ( => current thread )
  0x0000023a987aa310 JavaThread "main" [_thread_in_Java, id=42748, stack(0x000000f474600000,0x000000f474700000)]
  0x0000023abb7548c0 JavaThread "Reference Handler" daemon [_thread_blocked, id=38796, stack(0x000000f474d00000,0x000000f474e00000)]
  0x0000023abb755640 JavaThread "Finalizer" daemon [_thread_blocked, id=41732, stack(0x000000f474e00000,0x000000f474f00000)]
  0x0000023abb76a160 JavaThread "Signal Dispatcher" daemon [_thread_blocked, id=11020, stack(0x000000f474f00000,0x000000f475000000)]
  0x0000023abb76ad10 JavaThread "Attach Listener" daemon [_thread_blocked, id=1304, stack(0x000000f475000000,0x000000f475100000)]
  0x0000023abb76d7d0 JavaThread "Service Thread" daemon [_thread_blocked, id=17780, stack(0x000000f475100000,0x000000f475200000)]
  0x0000023abb76e180 JavaThread "Monitor Deflation Thread" daemon [_thread_blocked, id=22148, stack(0x000000f475200000,0x000000f475300000)]
=>0x0000023abb76ef10 JavaThread "C2 CompilerThread0" daemon [_thread_in_native, id=44128, stack(0x000000f475300000,0x000000f475400000)]
  0x0000023abb770bf0 JavaThread "C1 CompilerThread0" daemon [_thread_blocked, id=22912, stack(0x000000f475400000,0x000000f475500000)]
  0x0000023abb77b600 JavaThread "Sweeper thread" daemon [_thread_blocked, id=39636, stack(0x000000f475500000,0x000000f475600000)]
  0x0000023abb8a6a80 JavaThread "Notification Thread" daemon [_thread_blocked, id=40700, stack(0x000000f475600000,0x000000f475700000)]
  0x0000023abb8b2790 JavaThread "Common-Cleaner" daemon [_thread_blocked, id=24960, stack(0x000000f475800000,0x000000f475900000)]
  0x0000023afd4b7990 JavaThread "C2 CompilerThread1" daemon [_thread_in_native, id=43824, stack(0x000000f475900000,0x000000f475a00000)]
  0x0000023afd9838f0 JavaThread "C2 CompilerThread2" daemon [_thread_in_native, id=26264, stack(0x000000f476200000,0x000000f476300000)]

Other Threads:
  0x0000023abb63da40 VMThread "VM Thread" [stack: 0x000000f474c00000,0x000000f474d00000] [id=32412]
  0x0000023a9882c340 WatcherThread [stack: 0x000000f475700000,0x000000f475800000] [id=11348]
  0x0000023a98812430 GCTaskThread "GC Thread#0" [stack: 0x000000f474700000,0x000000f474800000] [id=40272]
  0x0000023afd2f9b40 GCTaskThread "GC Thread#1" [stack: 0x000000f475a00000,0x000000f475b00000] [id=29316]
  0x0000023abb953540 GCTaskThread "GC Thread#2" [stack: 0x000000f475b00000,0x000000f475c00000] [id=41752]
  0x0000023afdb93760 GCTaskThread "GC Thread#3" [stack: 0x000000f475c00000,0x000000f475d00000] [id=32796]
  0x0000023afdb93a10 GCTaskThread "GC Thread#4" [stack: 0x000000f475d00000,0x000000f475e00000] [id=42996]
  0x0000023afdb93cc0 GCTaskThread "GC Thread#5" [stack: 0x000000f475e00000,0x000000f475f00000] [id=3248]
  0x0000023afd821070 GCTaskThread "GC Thread#6" [stack: 0x000000f475f00000,0x000000f476000000] [id=40952]
  0x0000023afd609090 GCTaskThread "GC Thread#7" [stack: 0x000000f476000000,0x000000f476100000] [id=43708]
  0x0000023afdcf8850 GCTaskThread "GC Thread#8" [stack: 0x000000f476100000,0x000000f476200000] [id=44456]
  0x0000023afd75e6c0 GCTaskThread "GC Thread#9" [stack: 0x000000f476300000,0x000000f476400000] [id=37312]
  0x0000023a98822e80 ConcurrentGCThread "G1 Main Marker" [stack: 0x000000f474800000,0x000000f474900000] [id=43116]
  0x0000023a98823890 ConcurrentGCThread "G1 Conc#0" [stack: 0x000000f474900000,0x000000f474a00000] [id=38592]
  0x0000023afe135f90 ConcurrentGCThread "G1 Conc#1" [stack: 0x000000f476400000,0x000000f476500000] [id=36992]
  0x0000023afe135ce0 ConcurrentGCThread "G1 Conc#2" [stack: 0x000000f476500000,0x000000f476600000] [id=43560]
  0x0000023a9884eb10 ConcurrentGCThread "G1 Refine#0" [stack: 0x000000f474a00000,0x000000f474b00000] [id=41288]
  0x0000023a84679a50 ConcurrentGCThread "G1 Refine#1" [stack: 0x000000f476600000,0x000000f476700000] [id=34212]
  0x0000023abb4fc8b0 ConcurrentGCThread "G1 Service" [stack: 0x000000f474b00000,0x000000f474c00000] [id=6568]

Threads with active compile tasks:
C2 CompilerThread0     4546 8100   !   4       com.sun.tools.javac.file.JavacFileManager$ArchiveContainer::walkDirectories (134 bytes)
C2 CompilerThread1     4546 8080       4       com.sun.tools.javac.code.Symbol$TypeSymbol::<init> (13 bytes)
C2 CompilerThread2     4547 8066       4       java.util.EnumSet::noneOf (63 bytes)

VM state: not at safepoint (normal execution)

VM Mutex/Monitor currently owned by a thread: None

Heap address: 0x0000000704e00000, size: 4018 MB, Compressed Oops mode: Zero based, Oop shift amount: 3

CDS archive(s) mapped at: [0x0000023abc000000-0x0000023abcbd0000-0x0000023abcbd0000), size 12386304, SharedBaseAddress: 0x0000023abc000000, ArchiveRelocationMode: 1.
Compressed class space mapped at: 0x0000023abd000000-0x0000023afd000000, reserved size: 1073741824
Narrow klass base: 0x0000023abc000000, Narrow klass shift: 0, Narrow klass range: 0x100000000

GC Precious Log:
 CPUs: 12 total, 12 available
 Memory: 16068M
 Large Page Support: Disabled
 NUMA Support: Disabled
 Compressed Oops: Enabled (Zero based)
 Heap Region Size: 2M
 Heap Min Capacity: 8M
 Heap Initial Capacity: 252M
 Heap Max Capacity: 4018M
 Pre-touch: Disabled
 Parallel Workers: 10
 Concurrent Workers: 3
 Concurrent Refinement Workers: 10
 Periodic GC: Disabled

Heap:
 garbage-first heap   total 221184K, used 97605K [0x0000000704e00000, 0x0000000800000000)
  region size 2048K, 25 young (51200K), 2 survivors (4096K)
 Metaspace       used 32812K, committed 33152K, reserved 1114112K
  class space    used 3693K, committed 3904K, reserved 1048576K

Heap Regions: E=young(eden), S=young(survivor), O=old, HS=humongous(starts), HC=humongous(continues), CS=collection set, F=free, OA=open archive, CA=closed archive, TAMS=top-at-mark-start (previous, next)
|   0|0x0000000704e00000, 0x0000000705000000, 0x0000000705000000|100%| O|  |TAMS 0x0000000705000000, 0x0000000705000000| Untracked 
|   1|0x0000000705000000, 0x0000000705200000, 0x0000000705200000|100%| O|  |TAMS 0x0000000705200000, 0x0000000705200000| Untracked 
|   2|0x0000000705200000, 0x0000000705400000, 0x0000000705400000|100%| O|  |TAMS 0x0000000705400000, 0x0000000705400000| Untracked 
|   3|0x0000000705400000, 0x0000000705600000, 0x0000000705600000|100%| O|  |TAMS 0x0000000705600000, 0x0000000705600000| Untracked 
|   4|0x0000000705600000, 0x0000000705800000, 0x0000000705800000|100%| O|  |TAMS 0x0000000705800000, 0x0000000705800000| Untracked 
|   5|0x0000000705800000, 0x0000000705a00000, 0x0000000705a00000|100%| O|  |TAMS 0x0000000705a00000, 0x0000000705a00000| Untracked 
|   6|0x0000000705a00000, 0x0000000705c00000, 0x0000000705c00000|100%| O|  |TAMS 0x0000000705c00000, 0x0000000705c00000| Untracked 
|   7|0x0000000705c00000, 0x0000000705e00000, 0x0000000705e00000|100%| O|  |TAMS 0x0000000705e00000, 0x0000000705e00000| Untracked 
|   8|0x0000000705e00000, 0x0000000705ffdc00, 0x0000000706000000| 99%| O|  |TAMS 0x0000000705ffdc00, 0x0000000705ffdc00| Untracked 
|   9|0x0000000706000000, 0x0000000706200000, 0x0000000706200000|100%| O|  |TAMS 0x0000000706200000, 0x0000000706200000| Untracked 
|  10|0x0000000706200000, 0x0000000706400000, 0x0000000706400000|100%|HS|  |TAMS 0x0000000706400000, 0x0000000706400000| Complete 
|  11|0x0000000706400000, 0x0000000706600000, 0x0000000706600000|100%|HS|  |TAMS 0x0000000706400000, 0x0000000706400000| Complete 
|  12|0x0000000706600000, 0x0000000706800000, 0x0000000706800000|100%| O|  |TAMS 0x0000000706800000, 0x0000000706800000| Untracked 
|  13|0x0000000706800000, 0x0000000706a00000, 0x0000000706a00000|100%| O|  |TAMS 0x000000070690ec00, 0x0000000706a00000| Untracked 
|  14|0x0000000706a00000, 0x0000000706c00000, 0x0000000706c00000|100%| O|  |TAMS 0x0000000706a00000, 0x0000000706c00000| Untracked 
|  15|0x0000000706c00000, 0x0000000706e00000, 0x0000000706e00000|100%| O|  |TAMS 0x0000000706e00000, 0x0000000706e00000| Untracked 
|  16|0x0000000706e00000, 0x0000000707000000, 0x0000000707000000|100%| O|  |TAMS 0x0000000707000000, 0x0000000707000000| Untracked 
|  17|0x0000000707000000, 0x0000000707200000, 0x0000000707200000|100%| O|  |TAMS 0x0000000707200000, 0x0000000707200000| Untracked 
|  18|0x0000000707200000, 0x0000000707400000, 0x0000000707400000|100%| O|  |TAMS 0x0000000707400000, 0x0000000707400000| Untracked 
|  19|0x0000000707400000, 0x0000000707600000, 0x0000000707600000|100%| O|  |TAMS 0x0000000707600000, 0x0000000707600000| Untracked 
|  20|0x0000000707600000, 0x0000000707800000, 0x0000000707800000|100%| O|  |TAMS 0x0000000707800000, 0x0000000707800000| Untracked 
|  21|0x0000000707800000, 0x0000000707a00000, 0x0000000707a00000|100%| O|  |TAMS 0x0000000707a00000, 0x0000000707a00000| Untracked 
|  22|0x0000000707a00000, 0x0000000707c00000, 0x0000000707c00000|100%| O|  |TAMS 0x0000000707c00000, 0x0000000707c00000| Untracked 
|  23|0x0000000707c00000, 0x0000000707e00000, 0x0000000707e00000|100%| O|  |TAMS 0x0000000707e00000, 0x0000000707e00000| Untracked 
|  24|0x0000000707e00000, 0x0000000707e43200, 0x0000000708000000| 13%| O|  |TAMS 0x0000000707e00000, 0x0000000707e43200| Untracked 
|  25|0x0000000708000000, 0x0000000708000000, 0x0000000708200000|  0%| F|  |TAMS 0x0000000708000000, 0x0000000708000000| Untracked 
|  26|0x0000000708200000, 0x0000000708200000, 0x0000000708400000|  0%| F|  |TAMS 0x0000000708200000, 0x0000000708200000| Untracked 
|  27|0x0000000708400000, 0x0000000708400000, 0x0000000708600000|  0%| F|  |TAMS 0x0000000708400000, 0x0000000708400000| Untracked 
|  28|0x0000000708600000, 0x0000000708600000, 0x0000000708800000|  0%| F|  |TAMS 0x0000000708600000, 0x0000000708600000| Untracked 
|  29|0x0000000708800000, 0x0000000708800000, 0x0000000708a00000|  0%| F|  |TAMS 0x0000000708800000, 0x0000000708800000| Untracked 
|  30|0x0000000708a00000, 0x0000000708a00000, 0x0000000708c00000|  0%| F|  |TAMS 0x0000000708a00000, 0x0000000708a00000| Untracked 
|  31|0x0000000708c00000, 0x0000000708c00000, 0x0000000708e00000|  0%| F|  |TAMS 0x0000000708c00000, 0x0000000708c00000| Untracked 
|  32|0x0000000708e00000, 0x0000000708e00000, 0x0000000709000000|  0%| F|  |TAMS 0x0000000708e00000, 0x0000000708e00000| Untracked 
|  33|0x0000000709000000, 0x0000000709110918, 0x0000000709200000| 53%| S|CS|TAMS 0x0000000709000000, 0x0000000709000000| Complete 
|  34|0x0000000709200000, 0x0000000709400000, 0x0000000709400000|100%| S|CS|TAMS 0x0000000709200000, 0x0000000709200000| Complete 
|  35|0x0000000709400000, 0x0000000709400000, 0x0000000709600000|  0%| F|  |TAMS 0x0000000709400000, 0x0000000709400000| Untracked 
|  36|0x0000000709600000, 0x0000000709600000, 0x0000000709800000|  0%| F|  |TAMS 0x0000000709600000, 0x0000000709600000| Untracked 
|  37|0x0000000709800000, 0x0000000709800000, 0x0000000709a00000|  0%| F|  |TAMS 0x0000000709800000, 0x0000000709800000| Untracked 
|  38|0x0000000709a00000, 0x0000000709a00000, 0x0000000709c00000|  0%| F|  |TAMS 0x0000000709a00000, 0x0000000709a00000| Untracked 
|  39|0x0000000709c00000, 0x0000000709c00000, 0x0000000709e00000|  0%| F|  |TAMS 0x0000000709c00000, 0x0000000709c00000| Untracked 
|  40|0x0000000709e00000, 0x0000000709e00000, 0x000000070a000000|  0%| F|  |TAMS 0x0000000709e00000, 0x0000000709e00000| Untracked 
|  41|0x000000070a000000, 0x000000070a000000, 0x000000070a200000|  0%| F|  |TAMS 0x000000070a000000, 0x000000070a000000| Untracked 
|  42|0x000000070a200000, 0x000000070a200000, 0x000000070a400000|  0%| F|  |TAMS 0x000000070a200000, 0x000000070a200000| Untracked 
|  43|0x000000070a400000, 0x000000070a400000, 0x000000070a600000|  0%| F|  |TAMS 0x000000070a400000, 0x000000070a400000| Untracked 
|  44|0x000000070a600000, 0x000000070a600000, 0x000000070a800000|  0%| F|  |TAMS 0x000000070a600000, 0x000000070a600000| Untracked 
|  45|0x000000070a800000, 0x000000070a800000, 0x000000070aa00000|  0%| F|  |TAMS 0x000000070a800000, 0x000000070a800000| Untracked 
|  46|0x000000070aa00000, 0x000000070aa00000, 0x000000070ac00000|  0%| F|  |TAMS 0x000000070aa00000, 0x000000070aa00000| Untracked 
|  47|0x000000070ac00000, 0x000000070ac00000, 0x000000070ae00000|  0%| F|  |TAMS 0x000000070ac00000, 0x000000070ac00000| Untracked 
|  48|0x000000070ae00000, 0x000000070ae00000, 0x000000070b000000|  0%| F|  |TAMS 0x000000070ae00000, 0x000000070ae00000| Untracked 
|  49|0x000000070b000000, 0x000000070b000000, 0x000000070b200000|  0%| F|  |TAMS 0x000000070b000000, 0x000000070b000000| Untracked 
|  50|0x000000070b200000, 0x000000070b200000, 0x000000070b400000|  0%| F|  |TAMS 0x000000070b200000, 0x000000070b200000| Untracked 
|  51|0x000000070b400000, 0x000000070b400000, 0x000000070b600000|  0%| F|  |TAMS 0x000000070b400000, 0x000000070b400000| Untracked 
|  52|0x000000070b600000, 0x000000070b600000, 0x000000070b800000|  0%| F|  |TAMS 0x000000070b600000, 0x000000070b600000| Untracked 
|  53|0x000000070b800000, 0x000000070b800000, 0x000000070ba00000|  0%| F|  |TAMS 0x000000070b800000, 0x000000070b800000| Untracked 
|  54|0x000000070ba00000, 0x000000070ba00000, 0x000000070bc00000|  0%| F|  |TAMS 0x000000070ba00000, 0x000000070ba00000| Untracked 
|  55|0x000000070bc00000, 0x000000070bc00000, 0x000000070be00000|  0%| F|  |TAMS 0x000000070bc00000, 0x000000070bc00000| Untracked 
|  56|0x000000070be00000, 0x000000070be00000, 0x000000070c000000|  0%| F|  |TAMS 0x000000070be00000, 0x000000070be00000| Untracked 
|  57|0x000000070c000000, 0x000000070c000000, 0x000000070c200000|  0%| F|  |TAMS 0x000000070c000000, 0x000000070c000000| Untracked 
|  58|0x000000070c200000, 0x000000070c200000, 0x000000070c400000|  0%| F|  |TAMS 0x000000070c200000, 0x000000070c200000| Untracked 
|  59|0x000000070c400000, 0x000000070c400000, 0x000000070c600000|  0%| F|  |TAMS 0x000000070c400000, 0x000000070c400000| Untracked 
|  60|0x000000070c600000, 0x000000070c600000, 0x000000070c800000|  0%| F|  |TAMS 0x000000070c600000, 0x000000070c600000| Untracked 
|  61|0x000000070c800000, 0x000000070c800000, 0x000000070ca00000|  0%| F|  |TAMS 0x000000070c800000, 0x000000070c800000| Untracked 
|  62|0x000000070ca00000, 0x000000070ca00000, 0x000000070cc00000|  0%| F|  |TAMS 0x000000070ca00000, 0x000000070ca00000| Untracked 
|  63|0x000000070cc00000, 0x000000070cc00000, 0x000000070ce00000|  0%| F|  |TAMS 0x000000070cc00000, 0x000000070cc00000| Untracked 
|  64|0x000000070ce00000, 0x000000070ce00000, 0x000000070d000000|  0%| F|  |TAMS 0x000000070ce00000, 0x000000070ce00000| Untracked 
|  65|0x000000070d000000, 0x000000070d000000, 0x000000070d200000|  0%| F|  |TAMS 0x000000070d000000, 0x000000070d000000| Untracked 
|  66|0x000000070d200000, 0x000000070d200000, 0x000000070d400000|  0%| F|  |TAMS 0x000000070d200000, 0x000000070d200000| Untracked 
|  67|0x000000070d400000, 0x000000070d400000, 0x000000070d600000|  0%| F|  |TAMS 0x000000070d400000, 0x000000070d400000| Untracked 
|  68|0x000000070d600000, 0x000000070d600000, 0x000000070d800000|  0%| F|  |TAMS 0x000000070d600000, 0x000000070d600000| Untracked 
|  69|0x000000070d800000, 0x000000070d800000, 0x000000070da00000|  0%| F|  |TAMS 0x000000070d800000, 0x000000070d800000| Untracked 
|  70|0x000000070da00000, 0x000000070da00000, 0x000000070dc00000|  0%| F|  |TAMS 0x000000070da00000, 0x000000070da00000| Untracked 
|  71|0x000000070dc00000, 0x000000070dc00000, 0x000000070de00000|  0%| F|  |TAMS 0x000000070dc00000, 0x000000070dc00000| Untracked 
|  72|0x000000070de00000, 0x000000070de00000, 0x000000070e000000|  0%| F|  |TAMS 0x000000070de00000, 0x000000070de00000| Untracked 
|  73|0x000000070e000000, 0x000000070e000000, 0x000000070e200000|  0%| F|  |TAMS 0x000000070e000000, 0x000000070e000000| Untracked 
|  74|0x000000070e200000, 0x000000070e200000, 0x000000070e400000|  0%| F|  |TAMS 0x000000070e200000, 0x000000070e200000| Untracked 
|  75|0x000000070e400000, 0x000000070e400000, 0x000000070e600000|  0%| F|  |TAMS 0x000000070e400000, 0x000000070e400000| Untracked 
|  76|0x000000070e600000, 0x000000070e600000, 0x000000070e800000|  0%| F|  |TAMS 0x000000070e600000, 0x000000070e600000| Untracked 
|  77|0x000000070e800000, 0x000000070e800000, 0x000000070ea00000|  0%| F|  |TAMS 0x000000070e800000, 0x000000070e800000| Untracked 
|  78|0x000000070ea00000, 0x000000070ea00000, 0x000000070ec00000|  0%| F|  |TAMS 0x000000070ea00000, 0x000000070ea00000| Untracked 
|  79|0x000000070ec00000, 0x000000070ec00000, 0x000000070ee00000|  0%| F|  |TAMS 0x000000070ec00000, 0x000000070ec00000| Untracked 
|  80|0x000000070ee00000, 0x000000070ee00000, 0x000000070f000000|  0%| F|  |TAMS 0x000000070ee00000, 0x000000070ee00000| Untracked 
|  81|0x000000070f000000, 0x000000070f000000, 0x000000070f200000|  0%| F|  |TAMS 0x000000070f000000, 0x000000070f000000| Untracked 
|  82|0x000000070f200000, 0x000000070f200000, 0x000000070f400000|  0%| F|  |TAMS 0x000000070f200000, 0x000000070f200000| Untracked 
|  83|0x000000070f400000, 0x000000070f400000, 0x000000070f600000|  0%| F|  |TAMS 0x000000070f400000, 0x000000070f400000| Untracked 
|  84|0x000000070f600000, 0x000000070f600000, 0x000000070f800000|  0%| F|  |TAMS 0x000000070f600000, 0x000000070f600000| Untracked 
|  85|0x000000070f800000, 0x000000070fa00000, 0x000000070fa00000|100%| E|  |TAMS 0x000000070f800000, 0x000000070f800000| Complete 
|  86|0x000000070fa00000, 0x000000070fc00000, 0x000000070fc00000|100%| E|CS|TAMS 0x000000070fa00000, 0x000000070fa00000| Complete 
|  87|0x000000070fc00000, 0x000000070fe00000, 0x000000070fe00000|100%| E|CS|TAMS 0x000000070fc00000, 0x000000070fc00000| Complete 
|  88|0x000000070fe00000, 0x0000000710000000, 0x0000000710000000|100%| E|CS|TAMS 0x000000070fe00000, 0x000000070fe00000| Complete 
|  89|0x0000000710000000, 0x0000000710200000, 0x0000000710200000|100%| E|CS|TAMS 0x0000000710000000, 0x0000000710000000| Complete 
|  90|0x0000000710200000, 0x0000000710400000, 0x0000000710400000|100%| E|CS|TAMS 0x0000000710200000, 0x0000000710200000| Complete 
|  91|0x0000000710400000, 0x0000000710600000, 0x0000000710600000|100%| E|CS|TAMS 0x0000000710400000, 0x0000000710400000| Complete 
|  92|0x0000000710600000, 0x0000000710800000, 0x0000000710800000|100%| E|CS|TAMS 0x0000000710600000, 0x0000000710600000| Complete 
|  93|0x0000000710800000, 0x0000000710a00000, 0x0000000710a00000|100%| E|CS|TAMS 0x0000000710800000, 0x0000000710800000| Complete 
|  94|0x0000000710a00000, 0x0000000710c00000, 0x0000000710c00000|100%| E|CS|TAMS 0x0000000710a00000, 0x0000000710a00000| Complete 
|  95|0x0000000710c00000, 0x0000000710e00000, 0x0000000710e00000|100%| E|CS|TAMS 0x0000000710c00000, 0x0000000710c00000| Complete 
|  96|0x0000000710e00000, 0x0000000711000000, 0x0000000711000000|100%| E|CS|TAMS 0x0000000710e00000, 0x0000000710e00000| Complete 
|  97|0x0000000711000000, 0x0000000711200000, 0x0000000711200000|100%| E|CS|TAMS 0x0000000711000000, 0x0000000711000000| Complete 
|  98|0x0000000711200000, 0x0000000711400000, 0x0000000711400000|100%| E|CS|TAMS 0x0000000711200000, 0x0000000711200000| Complete 
|  99|0x0000000711400000, 0x0000000711600000, 0x0000000711600000|100%| E|CS|TAMS 0x0000000711400000, 0x0000000711400000| Complete 
| 100|0x0000000711600000, 0x0000000711800000, 0x0000000711800000|100%| E|CS|TAMS 0x0000000711600000, 0x0000000711600000| Complete 
| 101|0x0000000711800000, 0x0000000711a00000, 0x0000000711a00000|100%| E|CS|TAMS 0x0000000711800000, 0x0000000711800000| Complete 
| 102|0x0000000711a00000, 0x0000000711c00000, 0x0000000711c00000|100%| E|CS|TAMS 0x0000000711a00000, 0x0000000711a00000| Complete 
| 103|0x0000000711c00000, 0x0000000711e00000, 0x0000000711e00000|100%| E|CS|TAMS 0x0000000711c00000, 0x0000000711c00000| Complete 
| 104|0x0000000711e00000, 0x0000000712000000, 0x0000000712000000|100%| E|CS|TAMS 0x0000000711e00000, 0x0000000711e00000| Complete 
| 105|0x0000000712000000, 0x0000000712200000, 0x0000000712200000|100%| E|CS|TAMS 0x0000000712000000, 0x0000000712000000| Complete 
| 124|0x0000000714600000, 0x0000000714800000, 0x0000000714800000|100%| E|CS|TAMS 0x0000000714600000, 0x0000000714600000| Complete 
| 125|0x0000000714800000, 0x0000000714a00000, 0x0000000714a00000|100%| E|CS|TAMS 0x0000000714800000, 0x0000000714800000| Complete 

Card table byte_map: [0x0000023aafd50000,0x0000023ab0530000] _byte_map_base: 0x0000023aac529000

Marking Bits (Prev, Next): (CMBitMap*) 0x0000023a98812a80, (CMBitMap*) 0x0000023a98812a40
 Prev Bits: [0x0000023ab4be0000, 0x0000023ab8aa8000)
 Next Bits: [0x0000023ab0d10000, 0x0000023ab4bd8000)

Polling page: 0x0000023a966d0000

Metaspace:

Usage:
  Non-class:     28.44 MB used.
      Class:      3.61 MB used.
       Both:     32.04 MB used.

Virtual space:
  Non-class space:       64.00 MB reserved,      28.56 MB ( 45%) committed,  1 nodes.
      Class space:        1.00 GB reserved,       3.81 MB ( <1%) committed,  1 nodes.
             Both:        1.06 GB reserved,      32.38 MB (  3%) committed. 

Chunk freelists:
   Non-Class:  3.19 MB
       Class:  12.15 MB
        Both:  15.34 MB

MaxMetaspaceSize: unlimited
CompressedClassSpaceSize: 1.00 GB
Initial GC threshold: 21.00 MB
Current GC threshold: 49.31 MB
CDS: on
MetaspaceReclaimPolicy: balanced
 - commit_granule_bytes: 65536.
 - commit_granule_words: 8192.
 - virtual_space_node_default_size: 8388608.
 - enlarge_chunks_in_place: 1.
 - new_chunks_are_fully_committed: 0.
 - uncommit_free_chunks: 1.
 - use_allocation_guard: 0.
 - handle_deallocations: 1.


Internal statistics:

num_allocs_failed_limit: 3.
num_arena_births: 264.
num_arena_deaths: 0.
num_vsnodes_births: 2.
num_vsnodes_deaths: 0.
num_space_committed: 518.
num_space_uncommitted: 0.
num_chunks_returned_to_freelist: 3.
num_chunks_taken_from_freelist: 1460.
num_chunk_merges: 0.
num_chunk_splits: 985.
num_chunks_enlarged: 727.
num_purges: 0.
num_inconsistent_stats: 0.

CodeHeap 'non-profiled nmethods': size=120000Kb used=4006Kb max_used=4006Kb free=115994Kb
 bounds [0x0000023aa7af0000, 0x0000023aa7ee0000, 0x0000023aaf020000]
CodeHeap 'profiled nmethods': size=120000Kb used=15503Kb max_used=15503Kb free=104496Kb
 bounds [0x0000023aa0020000, 0x0000023aa0f50000, 0x0000023aa7550000]
CodeHeap 'non-nmethods': size=5760Kb used=1225Kb max_used=1326Kb free=4535Kb
 bounds [0x0000023aa7550000, 0x0000023aa77c0000, 0x0000023aa7af0000]
 total_blobs=7790 nmethods=7262 adapters=440
 compilation: enabled
              stopped_count=0, restarted_count=0
 full_count=0

Compilation events (20 events):
Event: 4.486 Thread 0x0000023abb770bf0 8118   !   2       sun.nio.fs.WindowsLinkSupport::getFinalPath (175 bytes)
Event: 4.487 Thread 0x0000023abb770bf0 nmethod 8118 0x0000023aa0f3ef10 code [0x0000023aa0f3f1c0, 0x0000023aa0f3f888]
Event: 4.488 Thread 0x0000023abb770bf0 8120       2       jdk.nio.zipfs.ZipFileSystem$2::fill (80 bytes)
Event: 4.488 Thread 0x0000023abb770bf0 nmethod 8120 0x0000023aa0f3fe90 code [0x0000023aa0f40060, 0x0000023aa0f40308]
Event: 4.488 Thread 0x0000023abb770bf0 8119       1       sun.nio.fs.WindowsNativeDispatcher$VolumeInformation::volumeName (5 bytes)
Event: 4.488 Thread 0x0000023abb770bf0 nmethod 8119 0x0000023aa7eca590 code [0x0000023aa7eca720, 0x0000023aa7eca7f8]
Event: 4.493 Thread 0x0000023abb770bf0 8121       2       java.util.TreeMap::values (25 bytes)
Event: 4.494 Thread 0x0000023abb770bf0 nmethod 8121 0x0000023aa0f40490 code [0x0000023aa0f40620, 0x0000023aa0f40858]
Event: 4.494 Thread 0x0000023abb770bf0 8122       2       java.util.TreeMap$Values::<init> (10 bytes)
Event: 4.494 Thread 0x0000023abb770bf0 nmethod 8122 0x0000023aa0f40910 code [0x0000023aa0f40aa0, 0x0000023aa0f40bf8]
Event: 4.495 Thread 0x0000023abb770bf0 8123   !   2       jdk.nio.zipfs.ZipFileSystem::newInputStream (76 bytes)
Event: 4.497 Thread 0x0000023abb770bf0 nmethod 8123 0x0000023aa0f40c90 code [0x0000023aa0f40f00, 0x0000023aa0f415d8]
Event: 4.497 Thread 0x0000023abb770bf0 8126       2       jdk.nio.zipfs.ZipFileSystem$EntryInputStream::close (20 bytes)
Event: 4.497 Thread 0x0000023abb770bf0 nmethod 8126 0x0000023aa0f41d10 code [0x0000023aa0f41ea0, 0x0000023aa0f41fe8]
Event: 4.497 Thread 0x0000023abb770bf0 8124       2       jdk.nio.zipfs.ZipFileSystem::getEntry (62 bytes)
Event: 4.498 Thread 0x0000023abb770bf0 nmethod 8124 0x0000023aa0f42090 code [0x0000023aa0f42280, 0x0000023aa0f42648]
Event: 4.498 Thread 0x0000023abb770bf0 8125       2       jdk.nio.zipfs.ZipFileSystem$2::close (45 bytes)
Event: 4.498 Thread 0x0000023abb770bf0 nmethod 8125 0x0000023aa0f42810 code [0x0000023aa0f429c0, 0x0000023aa0f42b88]
Event: 4.518 Thread 0x0000023abb770bf0 8127 %     3       sun.nio.fs.WindowsPath::compareTo @ 49 (118 bytes)
Event: 4.520 Thread 0x0000023abb770bf0 nmethod 8127% 0x0000023aa0f42c90 code [0x0000023aa0f42fc0, 0x0000023aa0f44608]

GC Heap History (20 events):
Event: 2.770 GC heap before
{Heap before GC invocations=5 (full 0):
 garbage-first heap   total 75776K, used 65304K [0x0000000704e00000, 0x0000000800000000)
  region size 2048K, 22 young (45056K), 1 survivors (2048K)
 Metaspace       used 27143K, committed 27456K, reserved 1114112K
  class space    used 3129K, committed 3264K, reserved 1048576K
}
Event: 2.779 GC heap after
{Heap after GC invocations=6 (full 0):
 garbage-first heap   total 86016K, used 39333K [0x0000000704e00000, 0x0000000800000000)
  region size 2048K, 9 young (18432K), 9 survivors (18432K)
 Metaspace       used 27143K, committed 27456K, reserved 1114112K
  class space    used 3129K, committed 3264K, reserved 1048576K
}
Event: 2.897 GC heap before
{Heap before GC invocations=6 (full 0):
 garbage-first heap   total 86016K, used 55717K [0x0000000704e00000, 0x0000000800000000)
  region size 2048K, 17 young (34816K), 9 survivors (18432K)
 Metaspace       used 27704K, committed 28032K, reserved 1114112K
  class space    used 3197K, committed 3328K, reserved 1048576K
}
Event: 2.905 GC heap after
{Heap after GC invocations=7 (full 0):
 garbage-first heap   total 86016K, used 42872K [0x0000000704e00000, 0x0000000800000000)
  region size 2048K, 3 young (6144K), 3 survivors (6144K)
 Metaspace       used 27704K, committed 28032K, reserved 1114112K
  class space    used 3197K, committed 3328K, reserved 1048576K
}
Event: 3.043 GC heap before
{Heap before GC invocations=7 (full 0):
 garbage-first heap   total 86016K, used 59256K [0x0000000704e00000, 0x0000000800000000)
  region size 2048K, 11 young (22528K), 3 survivors (6144K)
 Metaspace       used 28177K, committed 28480K, reserved 1114112K
  class space    used 3220K, committed 3328K, reserved 1048576K
}
Event: 3.050 GC heap after
{Heap after GC invocations=8 (full 0):
 garbage-first heap   total 86016K, used 45981K [0x0000000704e00000, 0x0000000800000000)
  region size 2048K, 2 young (4096K), 2 survivors (4096K)
 Metaspace       used 28177K, committed 28480K, reserved 1114112K
  class space    used 3220K, committed 3328K, reserved 1048576K
}
Event: 3.285 GC heap before
{Heap before GC invocations=9 (full 0):
 garbage-first heap   total 86016K, used 60317K [0x0000000704e00000, 0x0000000800000000)
  region size 2048K, 10 young (20480K), 2 survivors (4096K)
 Metaspace       used 29030K, committed 29376K, reserved 1114112K
  class space    used 3327K, committed 3520K, reserved 1048576K
}
Event: 3.291 GC heap after
{Heap after GC invocations=10 (full 0):
 garbage-first heap   total 86016K, used 46796K [0x0000000704e00000, 0x0000000800000000)
  region size 2048K, 1 young (2048K), 1 survivors (2048K)
 Metaspace       used 29030K, committed 29376K, reserved 1114112K
  class space    used 3327K, committed 3520K, reserved 1048576K
}
Event: 3.396 GC heap before
{Heap before GC invocations=10 (full 0):
 garbage-first heap   total 86016K, used 61132K [0x0000000704e00000, 0x0000000800000000)
  region size 2048K, 9 young (18432K), 1 survivors (2048K)
 Metaspace       used 29894K, committed 30208K, reserved 1114112K
  class space    used 3411K, committed 3584K, reserved 1048576K
}
Event: 3.398 GC heap after
{Heap after GC invocations=11 (full 0):
 garbage-first heap   total 110592K, used 47007K [0x0000000704e00000, 0x0000000800000000)
  region size 2048K, 1 young (2048K), 1 survivors (2048K)
 Metaspace       used 29894K, committed 30208K, reserved 1114112K
  class space    used 3411K, committed 3584K, reserved 1048576K
}
Event: 3.631 GC heap before
{Heap before GC invocations=12 (full 0):
 garbage-first heap   total 110592K, used 77727K [0x0000000704e00000, 0x0000000800000000)
  region size 2048K, 17 young (34816K), 1 survivors (2048K)
 Metaspace       used 30604K, committed 31040K, reserved 1114112K
  class space    used 3483K, committed 3712K, reserved 1048576K
}
Event: 3.635 GC heap after
{Heap after GC invocations=13 (full 0):
 garbage-first heap   total 110592K, used 48648K [0x0000000704e00000, 0x0000000800000000)
  region size 2048K, 2 young (4096K), 2 survivors (4096K)
 Metaspace       used 30604K, committed 31040K, reserved 1114112K
  class space    used 3483K, committed 3712K, reserved 1048576K
}
Event: 3.642 GC heap before
{Heap before GC invocations=13 (full 0):
 garbage-first heap   total 110592K, used 50696K [0x0000000704e00000, 0x0000000800000000)
  region size 2048K, 3 young (6144K), 2 survivors (4096K)
 Metaspace       used 30612K, committed 31040K, reserved 1114112K
  class space    used 3483K, committed 3712K, reserved 1048576K
}
Event: 3.647 GC heap after
{Heap after GC invocations=14 (full 0):
 garbage-first heap   total 110592K, used 47767K [0x0000000704e00000, 0x0000000800000000)
  region size 2048K, 1 young (2048K), 1 survivors (2048K)
 Metaspace       used 30612K, committed 31040K, reserved 1114112K
  class space    used 3483K, committed 3712K, reserved 1048576K
}
Event: 3.754 GC heap before
{Heap before GC invocations=14 (full 0):
 garbage-first heap   total 110592K, used 80535K [0x0000000704e00000, 0x0000000800000000)
  region size 2048K, 17 young (34816K), 1 survivors (2048K)
 Metaspace       used 30851K, committed 31232K, reserved 1114112K
  class space    used 3488K, committed 3712K, reserved 1048576K
}
Event: 3.758 GC heap after
{Heap after GC invocations=15 (full 0):
 garbage-first heap   total 110592K, used 48344K [0x0000000704e00000, 0x0000000800000000)
  region size 2048K, 1 young (2048K), 1 survivors (2048K)
 Metaspace       used 30851K, committed 31232K, reserved 1114112K
  class space    used 3488K, committed 3712K, reserved 1048576K
}
Event: 3.847 GC heap before
{Heap before GC invocations=15 (full 0):
 garbage-first heap   total 110592K, used 83160K [0x0000000704e00000, 0x0000000800000000)
  region size 2048K, 18 young (36864K), 1 survivors (2048K)
 Metaspace       used 30928K, committed 31296K, reserved 1114112K
  class space    used 3488K, committed 3712K, reserved 1048576K
}
Event: 3.849 GC heap after
{Heap after GC invocations=16 (full 0):
 garbage-first heap   total 110592K, used 48264K [0x0000000704e00000, 0x0000000800000000)
  region size 2048K, 1 young (2048K), 1 survivors (2048K)
 Metaspace       used 30928K, committed 31296K, reserved 1114112K
  class space    used 3488K, committed 3712K, reserved 1048576K
}
Event: 4.374 GC heap before
{Heap before GC invocations=16 (full 0):
 garbage-first heap   total 110592K, used 83080K [0x0000000704e00000, 0x0000000800000000)
  region size 2048K, 19 young (38912K), 1 survivors (2048K)
 Metaspace       used 32745K, committed 33152K, reserved 1114112K
  class space    used 3692K, committed 3904K, reserved 1048576K
}
Event: 4.381 GC heap after
{Heap after GC invocations=17 (full 0):
 garbage-first heap   total 221184K, used 50501K [0x0000000704e00000, 0x0000000800000000)
  region size 2048K, 2 young (4096K), 2 survivors (4096K)
 Metaspace       used 32745K, committed 33152K, reserved 1114112K
  class space    used 3692K, committed 3904K, reserved 1048576K
}

Deoptimization events (20 events):
Event: 4.391 Thread 0x0000023a987aa310 DEOPT PACKING pc=0x0000023aa7eb6488 sp=0x000000f4746fd060
Event: 4.391 Thread 0x0000023a987aa310 DEOPT UNPACKING pc=0x0000023aa75a23a3 sp=0x000000f4746fcfa8 mode 2
Event: 4.393 Thread 0x0000023a987aa310 Uncommon trap: trap_request=0xffffffde fr.pc=0x0000023aa7b2c438 relative=0x0000000000001238
Event: 4.393 Thread 0x0000023a987aa310 Uncommon trap: reason=class_check action=maybe_recompile pc=0x0000023aa7b2c438 method=jdk.internal.loader.URLClassPath.getLoader(I)Ljdk/internal/loader/URLClassPath$Loader; @ 88 c2
Event: 4.393 Thread 0x0000023a987aa310 DEOPT PACKING pc=0x0000023aa7b2c438 sp=0x000000f4746fd1c0
Event: 4.393 Thread 0x0000023a987aa310 DEOPT UNPACKING pc=0x0000023aa75a23a3 sp=0x000000f4746fd1b0 mode 2
Event: 4.393 Thread 0x0000023a987aa310 Uncommon trap: trap_request=0xffffffde fr.pc=0x0000023aa7b2c438 relative=0x0000000000001238
Event: 4.393 Thread 0x0000023a987aa310 Uncommon trap: reason=class_check action=maybe_recompile pc=0x0000023aa7b2c438 method=jdk.internal.loader.URLClassPath.getLoader(I)Ljdk/internal/loader/URLClassPath$Loader; @ 88 c2
Event: 4.393 Thread 0x0000023a987aa310 DEOPT PACKING pc=0x0000023aa7b2c438 sp=0x000000f4746fd1c0
Event: 4.393 Thread 0x0000023a987aa310 DEOPT UNPACKING pc=0x0000023aa75a23a3 sp=0x000000f4746fd1b0 mode 2
Event: 4.407 Thread 0x0000023a987aa310 Uncommon trap: trap_request=0xffffffec fr.pc=0x0000023aa7b2e3d0 relative=0x0000000000000170
Event: 4.407 Thread 0x0000023a987aa310 Uncommon trap: reason=null_assert_or_unreached0 action=make_not_entrant pc=0x0000023aa7b2e3d0 method=java.security.AccessController.doPrivileged(Ljava/security/PrivilegedExceptionAction;Ljava/security/AccessControlContext;)Ljava/lang/Object; @ 25 c2
Event: 4.407 Thread 0x0000023a987aa310 DEOPT PACKING pc=0x0000023aa7b2e3d0 sp=0x000000f4746fcec0
Event: 4.407 Thread 0x0000023a987aa310 DEOPT UNPACKING pc=0x0000023aa75a23a3 sp=0x000000f4746fcde0 mode 2
Event: 4.408 Thread 0x0000023a987aa310 DEOPT PACKING pc=0x0000023aa0a22b54 sp=0x000000f4746fc540
Event: 4.408 Thread 0x0000023a987aa310 DEOPT UNPACKING pc=0x0000023aa75a2b43 sp=0x000000f4746fbac0 mode 0
Event: 4.442 Thread 0x0000023a987aa310 Uncommon trap: trap_request=0xfffffff4 fr.pc=0x0000023aa7dd8aec relative=0x0000000000007e2c
Event: 4.442 Thread 0x0000023a987aa310 Uncommon trap: reason=null_check action=make_not_entrant pc=0x0000023aa7dd8aec method=jdk.nio.zipfs.ZipFileSystem.lambda$createVersionedLinks$14(Ljava/util/HashMap;[B)[B @ 8 c2
Event: 4.442 Thread 0x0000023a987aa310 DEOPT PACKING pc=0x0000023aa7dd8aec sp=0x000000f4746fca80
Event: 4.442 Thread 0x0000023a987aa310 DEOPT UNPACKING pc=0x0000023aa75a23a3 sp=0x000000f4746fc880 mode 2

Classes unloaded (0 events):
No events

Classes redefined (0 events):
No events

Internal exceptions (20 events):
Event: 4.264 Thread 0x0000023a987aa310 Exception <a 'sun/nio/fs/WindowsException'{0x0000000709e24360}> (0x0000000709e24360) 
thrown [s\open\src\hotspot\share\prims\jni.cpp, line 516]
Event: 4.264 Thread 0x0000023a987aa310 Exception <a 'sun/nio/fs/WindowsException'{0x0000000709e24c38}> (0x0000000709e24c38) 
thrown [s\open\src\hotspot\share\prims\jni.cpp, line 516]
Event: 4.283 Thread 0x0000023a987aa310 Exception <a 'sun/nio/fs/WindowsException'{0x0000000709f188c0}> (0x0000000709f188c0) 
thrown [s\open\src\hotspot\share\prims\jni.cpp, line 516]
Event: 4.283 Thread 0x0000023a987aa310 Exception <a 'sun/nio/fs/WindowsException'{0x0000000709f18f78}> (0x0000000709f18f78) 
thrown [s\open\src\hotspot\share\prims\jni.cpp, line 516]
Event: 4.283 Thread 0x0000023a987aa310 Exception <a 'sun/nio/fs/WindowsException'{0x0000000709f197f8}> (0x0000000709f197f8) 
thrown [s\open\src\hotspot\share\prims\jni.cpp, line 516]
Event: 4.330 Thread 0x0000023a987aa310 Implicit null exception at 0x0000023aa7b3ffc2 to 0x0000023aa7b41160
Event: 4.359 Thread 0x0000023a987aa310 Exception <a 'sun/nio/fs/WindowsException'{0x00000007098e62f0}> (0x00000007098e62f0) 
thrown [s\open\src\hotspot\share\prims\jni.cpp, line 516]
Event: 4.388 Thread 0x0000023a987aa310 Exception <a 'sun/nio/fs/WindowsException'{0x00000007147926c0}> (0x00000007147926c0) 
thrown [s\open\src\hotspot\share\prims\jni.cpp, line 516]
Event: 4.388 Thread 0x0000023a987aa310 Exception <a 'sun/nio/fs/WindowsException'{0x0000000714792900}> (0x0000000714792900) 
thrown [s\open\src\hotspot\share\prims\jni.cpp, line 516]
Event: 4.391 Thread 0x0000023a987aa310 Exception <a 'sun/nio/fs/WindowsException'{0x00000007147ff200}> (0x00000007147ff200) 
thrown [s\open\src\hotspot\share\prims\jni.cpp, line 516]
Event: 4.391 Thread 0x0000023a987aa310 Exception <a 'sun/nio/fs/WindowsException'{0x00000007147ff430}> (0x00000007147ff430) 
thrown [s\open\src\hotspot\share\prims\jni.cpp, line 516]
Event: 4.415 Thread 0x0000023a987aa310 Exception <a 'sun/nio/fs/WindowsException'{0x0000000711b5b080}> (0x0000000711b5b080) 
thrown [s\open\src\hotspot\share\prims\jni.cpp, line 516]
Event: 4.415 Thread 0x0000023a987aa310 Exception <a 'sun/nio/fs/WindowsException'{0x0000000711b5b2e8}> (0x0000000711b5b2e8) 
thrown [s\open\src\hotspot\share\prims\jni.cpp, line 516]
Event: 4.415 Thread 0x0000023a987aa310 Exception <a 'sun/nio/fs/WindowsException'{0x0000000711b5c308}> (0x0000000711b5c308) 
thrown [s\open\src\hotspot\share\prims\jni.cpp, line 516]
Event: 4.415 Thread 0x0000023a987aa310 Exception <a 'sun/nio/fs/WindowsException'{0x0000000711b5c638}> (0x0000000711b5c638) 
thrown [s\open\src\hotspot\share\prims\jni.cpp, line 516]
Event: 4.415 Thread 0x0000023a987aa310 Exception <a 'sun/nio/fs/WindowsException'{0x0000000711b5d6f0}> (0x0000000711b5d6f0) 
thrown [s\open\src\hotspot\share\prims\jni.cpp, line 516]
Event: 4.415 Thread 0x0000023a987aa310 Exception <a 'sun/nio/fs/WindowsException'{0x0000000711b5d980}> (0x0000000711b5d980) 
thrown [s\open\src\hotspot\share\prims\jni.cpp, line 516]
Event: 4.442 Thread 0x0000023a987aa310 Implicit null exception at 0x0000023aa7dd4068 to 0x0000023aa7dd8aac
Event: 4.501 Thread 0x0000023a987aa310 Exception <a 'sun/nio/fs/WindowsException'{0x00000007102712b0}> (0x00000007102712b0) 
thrown [s\open\src\hotspot\share\prims\jni.cpp, line 516]
Event: 4.501 Thread 0x0000023a987aa310 Exception <a 'sun/nio/fs/WindowsException'{0x0000000710271f28}> (0x0000000710271f28) 
thrown [s\open\src\hotspot\share\prims\jni.cpp, line 516]

VM Operations (20 events):
Event: 4.058 Executing VM operation: HandshakeAllThreads
Event: 4.058 Executing VM operation: HandshakeAllThreads done
Event: 4.061 Executing VM operation: HandshakeAllThreads
Event: 4.061 Executing VM operation: HandshakeAllThreads done
Event: 4.117 Executing VM operation: ICBufferFull
Event: 4.117 Executing VM operation: ICBufferFull done
Event: 4.180 Executing VM operation: ICBufferFull
Event: 4.180 Executing VM operation: ICBufferFull done
Event: 4.235 Executing VM operation: ICBufferFull
Event: 4.236 Executing VM operation: ICBufferFull done
Event: 4.237 Executing VM operation: HandshakeAllThreads
Event: 4.237 Executing VM operation: HandshakeAllThreads done
Event: 4.248 Executing VM operation: ICBufferFull
Event: 4.248 Executing VM operation: ICBufferFull done
Event: 4.325 Executing VM operation: ICBufferFull
Event: 4.325 Executing VM operation: ICBufferFull done
Event: 4.374 Executing VM operation: G1TryInitiateConcMark
Event: 4.381 Executing VM operation: G1TryInitiateConcMark done
Event: 4.407 Executing VM operation: HandshakeAllThreads
Event: 4.407 Executing VM operation: HandshakeAllThreads done

Events (20 events):
Event: 4.053 loading class java/util/EnumMap$EntryIterator$Entry
Event: 4.053 loading class java/util/EnumMap$EntryIterator$Entry done
Event: 4.246 Thread 0x0000023abb77b600 flushing nmethod 0x0000023aa09e8390
Event: 4.246 Thread 0x0000023abb77b600 flushing nmethod 0x0000023aa0aa3c90
Event: 4.246 Thread 0x0000023abb77b600 flushing nmethod 0x0000023aa0b10510
Event: 4.246 Thread 0x0000023abb77b600 flushing nmethod 0x0000023aa0b55790
Event: 4.247 Thread 0x0000023abb77b600 flushing nmethod 0x0000023aa0b60490
Event: 4.247 Thread 0x0000023abb77b600 flushing nmethod 0x0000023aa0ba1890
Event: 4.270 loading class java/util/stream/ReduceOps$2
Event: 4.270 loading class java/util/stream/ReduceOps$2 done
Event: 4.270 loading class java/util/stream/ReduceOps$2ReducingSink
Event: 4.270 loading class java/util/stream/ReduceOps$2ReducingSink done
Event: 4.285 loading class java/util/EnumMap$Values
Event: 4.285 loading class java/util/EnumMap$Values done
Event: 4.285 loading class java/util/EnumMap$ValueIterator
Event: 4.286 loading class java/util/EnumMap$ValueIterator done
Event: 4.287 loading class java/util/WeakHashMap$KeyIterator
Event: 4.287 loading class java/util/WeakHashMap$KeyIterator done
Event: 4.289 loading class java/text/MessageFormat$Field
Event: 4.289 loading class java/text/MessageFormat$Field done


Dynamic libraries:
0x00007ff78e840000 - 0x00007ff78e850000 	C:\Program Files\Java\jdk-17\bin\javaw.exe
0x00007ffcd8e90000 - 0x00007ffcd90a7000 	C:\WINDOWS\SYSTEM32\ntdll.dll
0x00007ffcd6f90000 - 0x00007ffcd7054000 	C:\WINDOWS\System32\KERNEL32.DLL
0x00007ffcd6390000 - 0x00007ffcd673d000 	C:\WINDOWS\System32\KERNELBASE.dll
0x00007ffcd6820000 - 0x00007ffcd6931000 	C:\WINDOWS\System32\ucrtbase.dll
0x00007ffcc3c70000 - 0x00007ffcc3c8b000 	C:\Program Files\Java\jdk-17\bin\VCRUNTIME140.dll
0x00007ffcbef90000 - 0x00007ffcbefa9000 	C:\Program Files\Java\jdk-17\bin\jli.dll
0x00007ffcd7060000 - 0x00007ffcd7112000 	C:\WINDOWS\System32\ADVAPI32.dll
0x00007ffcd7550000 - 0x00007ffcd75f7000 	C:\WINDOWS\System32\msvcrt.dll
0x00007ffcd6ce0000 - 0x00007ffcd6d89000 	C:\WINDOWS\System32\sechost.dll
0x00007ffcd67f0000 - 0x00007ffcd6818000 	C:\WINDOWS\System32\bcrypt.dll
0x00007ffcd7280000 - 0x00007ffcd7394000 	C:\WINDOWS\System32\RPCRT4.dll
0x00007ffcd73a0000 - 0x00007ffcd754e000 	C:\WINDOWS\System32\USER32.dll
0x00007ffcd6740000 - 0x00007ffcd6766000 	C:\WINDOWS\System32\win32u.dll
0x00007ffcd7b90000 - 0x00007ffcd7bb9000 	C:\WINDOWS\System32\GDI32.dll
0x00007ffcd6ab0000 - 0x00007ffcd6bc9000 	C:\WINDOWS\System32\gdi32full.dll
0x00007ffcd62f0000 - 0x00007ffcd638a000 	C:\WINDOWS\System32\msvcp_win.dll
0x00007ffcc5960000 - 0x00007ffcc5bf3000 	C:\WINDOWS\WinSxS\amd64_microsoft.windows.common-controls_6595b64144ccf1df_6.0.22621.3672_none_2713b9d173822955\COMCTL32.dll
0x00007ffcd5d70000 - 0x00007ffcd5d7a000 	C:\WINDOWS\SYSTEM32\VERSION.dll
0x00007ffcd7c90000 - 0x00007ffcd7cc1000 	C:\WINDOWS\System32\IMM32.DLL
0x0000000073e70000 - 0x0000000073e7c000 	C:\Program Files (x86)\360\Total Security\safemon\SafeWrapper.dll
0x00007ffc7b2e0000 - 0x00007ffc7b38c000 	C:\Program Files (x86)\360\Total Security\safemon\libzdtp64.dll
0x00007ffcd8080000 - 0x00007ffcd88df000 	C:\WINDOWS\System32\SHELL32.dll
0x00007ffcd7120000 - 0x00007ffcd717e000 	C:\WINDOWS\System32\SHLWAPI.dll
0x00007ffcc3c60000 - 0x00007ffcc3c6c000 	C:\Program Files\Java\jdk-17\bin\vcruntime140_1.dll
0x00007ffc864b0000 - 0x00007ffc8653e000 	C:\Program Files\Java\jdk-17\bin\msvcp140.dll
0x00007ffc14230000 - 0x00007ffc14e0e000 	C:\Program Files\Java\jdk-17\bin\server\jvm.dll
0x00007ffcd7e90000 - 0x00007ffcd7e98000 	C:\WINDOWS\System32\PSAPI.DLL
0x00007ffcd0a50000 - 0x00007ffcd0a84000 	C:\WINDOWS\SYSTEM32\WINMM.dll
0x00007ffcb2ab0000 - 0x00007ffcb2ab9000 	C:\WINDOWS\SYSTEM32\WSOCK32.dll
0x00007ffcd6bd0000 - 0x00007ffcd6c41000 	C:\WINDOWS\System32\WS2_32.dll
0x00007ffcd5140000 - 0x00007ffcd5158000 	C:\WINDOWS\SYSTEM32\kernel.appcore.dll
0x00007ffcc3c10000 - 0x00007ffcc3c1a000 	C:\Program Files\Java\jdk-17\bin\jimage.dll
0x00007ffcd3620000 - 0x00007ffcd3852000 	C:\WINDOWS\SYSTEM32\DBGHELP.DLL
0x00007ffcd7610000 - 0x00007ffcd7998000 	C:\WINDOWS\System32\combase.dll
0x00007ffcd8d70000 - 0x00007ffcd8e47000 	C:\WINDOWS\System32\OLEAUT32.dll
0x00007ffcd0a10000 - 0x00007ffcd0a42000 	C:\WINDOWS\SYSTEM32\dbgcore.DLL
0x00007ffcd6770000 - 0x00007ffcd67eb000 	C:\WINDOWS\System32\bcryptPrimitives.dll
0x00007ffcbe810000 - 0x00007ffcbe835000 	C:\Program Files\Java\jdk-17\bin\java.dll
0x00007ffc78730000 - 0x00007ffc78807000 	C:\Program Files\Java\jdk-17\bin\jsvml.dll
0x00007ffcd4050000 - 0x00007ffcd494c000 	C:\WINDOWS\SYSTEM32\windows.storage.dll
0x00007ffcd3f10000 - 0x00007ffcd404f000 	C:\WINDOWS\SYSTEM32\wintypes.dll
0x00007ffcd7f80000 - 0x00007ffcd8074000 	C:\WINDOWS\System32\SHCORE.dll
0x00007ffcd60f0000 - 0x00007ffcd6111000 	C:\WINDOWS\SYSTEM32\profapi.dll
0x00007ffcbeca0000 - 0x00007ffcbecb9000 	C:\Program Files\Java\jdk-17\bin\net.dll
0x00007ffccc530000 - 0x00007ffccc666000 	C:\WINDOWS\SYSTEM32\WINHTTP.dll
0x00007ffcd55a0000 - 0x00007ffcd5609000 	C:\WINDOWS\system32\mswsock.dll
0x00007ffcbe7f0000 - 0x00007ffcbe806000 	C:\Program Files\Java\jdk-17\bin\nio.dll
0x00007ffcbe7d0000 - 0x00007ffcbe7e8000 	C:\Program Files\Java\jdk-17\bin\zip.dll
0x00007ffcbe0e0000 - 0x00007ffcbe104000 	C:\Users\DELL\AppData\Local\Temp\jansi-2.4.1-d644f96ece828d82-jansi.dll
0x00007ffcbf0b0000 - 0x00007ffcbf0c0000 	C:\Program Files\Java\jdk-17\bin\verify.dll
0x00007ffcd4bb0000 - 0x00007ffcd4bdd000 	C:\WINDOWS\SYSTEM32\IPHLPAPI.DLL
0x00007ffcd7b80000 - 0x00007ffcd7b89000 	C:\WINDOWS\System32\NSI.dll
0x00007ffccc260000 - 0x00007ffccc279000 	C:\WINDOWS\SYSTEM32\dhcpcsvc6.DLL
0x00007ffccc240000 - 0x00007ffccc25f000 	C:\WINDOWS\SYSTEM32\dhcpcsvc.DLL
0x00007ffcd4be0000 - 0x00007ffcd4cd8000 	C:\WINDOWS\SYSTEM32\DNSAPI.dll

dbghelp: loaded successfully - version: 4.0.5 - missing functions: none
symbol engine: initialized successfully - sym options: 0x614 - pdb path: .;C:\Program Files\Java\jdk-17\bin;C:\WINDOWS\SYSTEM32;C:\WINDOWS\WinSxS\amd64_microsoft.windows.common-controls_6595b64144ccf1df_6.0.22621.3672_none_2713b9d173822955;C:\Program Files (x86)\360\Total Security\safemon;C:\Program Files\Java\jdk-17\bin\server;C:\Users\DELL\AppData\Local\Temp

VM Arguments:
jvm_args: -Dmaven.home=EMBEDDED -Dclassworlds.conf=C:\Users\DELL\eclipse\jee-2022-09\.metadata\.plugins\org.eclipse.m2e.launching\launches\m2conf14351749562096733159.tmp -Dmaven.multiModuleProjectDirectory=D:\git\quanlybooking -Dm2e.build.project.data.socket.port=53934 -Dfile.encoding=UTF-8 -Dstdout.encoding=UTF-8 -Dstderr.encoding=UTF-8 -XX:+ShowCodeDetailsInExceptionMessages 
java_command: org.codehaus.plexus.classworlds.launcher.Launcher -B -Dstyle.color=always install
java_class_path (initial): C:\Users\DELL\.p2\pool\plugins\org.eclipse.m2e.maven.runtime_3.9.700.20240602-2313\jars\plexus-classworlds-2.8.0.jar
Launcher Type: SUN_STANDARD

[Global flags]
     intx CICompilerCount                          = 4                                         {product} {ergonomic}
     uint ConcGCThreads                            = 3                                         {product} {ergonomic}
     uint G1ConcRefinementThreads                  = 10                                        {product} {ergonomic}
   size_t G1HeapRegionSize                         = 2097152                                   {product} {ergonomic}
    uintx GCDrainStackTargetSize                   = 64                                        {product} {ergonomic}
   size_t InitialHeapSize                          = 264241152                                 {product} {ergonomic}
   size_t MarkStackSize                            = 4194304                                   {product} {ergonomic}
   size_t MaxHeapSize                              = 4213178368                                {product} {ergonomic}
   size_t MaxNewSize                               = 2527068160                                {product} {ergonomic}
   size_t MinHeapDeltaBytes                        = 2097152                                   {product} {ergonomic}
   size_t MinHeapSize                              = 8388608                                   {product} {ergonomic}
    uintx NonNMethodCodeHeapSize                   = 5839372                                {pd product} {ergonomic}
    uintx NonProfiledCodeHeapSize                  = 122909434                              {pd product} {ergonomic}
    uintx ProfiledCodeHeapSize                     = 122909434                              {pd product} {ergonomic}
    uintx ReservedCodeCacheSize                    = 251658240                              {pd product} {ergonomic}
     bool SegmentedCodeCache                       = true                                      {product} {ergonomic}
     bool ShowCodeDetailsInExceptionMessages       = true                                   {manageable} {command line}
   size_t SoftMaxHeapSize                          = 4213178368                             {manageable} {ergonomic}
     bool UseCompressedClassPointers               = true                           {product lp64_product} {ergonomic}
     bool UseCompressedOops                        = true                           {product lp64_product} {ergonomic}
     bool UseG1GC                                  = true                                      {product} {ergonomic}
     bool UseLargePagesIndividualAllocation        = false                                  {pd product} {ergonomic}

Logging:
Log output configuration:
 #0: stdout all=warning uptime,level,tags
 #1: stderr all=off uptime,level,tags

Environment Variables:
JAVA_HOME=C:\Program Files\Java\jdk-11
PATH=C:/Users/DELL/.p2/pool/plugins/org.eclipse.justj.openjdk.hotspot.jre.full.win32.x86_64_22.0.1.v20240426-1149/jre/bin/server;C:/Users/DELL/.p2/pool/plugins/org.eclipse.justj.openjdk.hotspot.jre.full.win32.x86_64_22.0.1.v20240426-1149/jre/bin;D:\WINDOWS.X64_213000_db_home\bin;C:\Program Files\Common Files\Oracle\Java\javapath;C:\Program Files\Java\jdk-11\bin;C:\WINDOWS\system32;C:\WINDOWS;C:\WINDOWS\System32\Wbem;C:\WINDOWS\System32\WindowsPowerShell\v1.0\;C:\WINDOWS\System32\OpenSSH\;C:\Program Files\Microsoft SQL Server\Client SDK\ODBC\170\Tools\Binn\;C:\Program Files\Microsoft SQL Server\150\Tools\Binn\;C:\Program Files\dotnet\;C:\Program Files\nodejs\;C:\Program Files\Git\cmd;C:\Program Files\Git\bin;D:\Maven\apache-maven-3.8.8-bin\bin;C:\Program Files\MySQL\MySQL Server 8.0\bin;C:\Users\DELL\AppData\Local\Microsoft\WindowsApps;C:\Users\DELL\.dotnet\tools;C:\PyCharm 2023.1\bin;;C:\src\flutter\bin;C:\Users\DELL\AppData\Local\Programs\Microsoft VS Code\bin;C:\Users\DELL\AppData\Roaming\npm;C:\Users\DELL\AppData\Local\GitHubDesktop\bin;C:\Program Files\Git\bin;C:\Program Files\Git\cmd;;C:\Users\DELL\Desktop;
USERNAME=DELL
OS=Windows_NT
PROCESSOR_IDENTIFIER=Intel64 Family 6 Model 154 Stepping 4, GenuineIntel



---------------  S Y S T E M  ---------------

OS:
 Windows 11 , 64 bit Build 22621 (10.0.22621.3672)
OS uptime: 1 days 8:14 hours
Hyper-V role detected

CPU: total 12 (initial active 12) (6 cores per cpu, 2 threads per core) family 6 model 154 stepping 4 microcode 0x42a, cx8, cmov, fxsr, ht, mmx, 3dnowpref, sse, sse2, sse3, ssse3, sse4.1, sse4.2, popcnt, lzcnt, tsc, tscinvbit, avx, avx2, aes, erms, clmul, bmi1, bmi2, adx, sha, fma, vzeroupper, clflush, clflushopt, clwb, hv

Memory: 4k page, system-wide physical 16068M (3249M free)
TotalPageFile size 24248M (AvailPageFile size 8M)
current process WorkingSet (physical memory assigned to process): 326M, peak: 326M
current process commit charge ("private bytes"): 429M, peak: 434M

vm_info: Java HotSpot(TM) 64-Bit Server VM (17.0.8+9-LTS-211) for windows-amd64 JRE (17.0.8+9-LTS-211), built on Jun 14 2023 10:34:31 by "mach5one" with MS VC++ 17.1 (VS2022)

END.
