#
# There is insufficient memory for the Java Runtime Environment to continue.
# Native memory allocation (malloc) failed to allocate 1987408 bytes for Chunk::new
# Possible reasons:
#   The system is out of physical RAM or swap space
#   The process is running with CompressedOops enabled, and the Java Heap may be blocking the growth of the native heap
# Possible solutions:
#   Reduce memory load on the system
#   Increase physical memory or swap space
#   Check if swap backing store is full
#   Decrease Java heap size (-Xmx/-Xms)
#   Decrease number of Java threads
#   Decrease Java thread stack sizes (-Xss)
#   Set larger code cache with -XX:ReservedCodeCacheSize=
#   JVM is running with Zero Based Compressed Oops mode in which the Java heap is
#     placed in the first 32GB address space. The Java Heap base address is the
#     maximum limit for the native heap growth. Please use -XX:HeapBaseMinAddress
#     to set the Java Heap base and to place the Java Heap above 32GB virtual address.
# This output file may be truncated or incomplete.
#
#  Out of Memory Error (arena.cpp:189), pid=24404, tid=39124
#
# JRE version: Java(TM) SE Runtime Environment (17.0.8+9) (build 17.0.8+9-LTS-211)
# Java VM: Java HotSpot(TM) 64-Bit Server VM (17.0.8+9-LTS-211, mixed mode, sharing, tiered, compressed oops, compressed class ptrs, g1 gc, windows-amd64)
# No core dump will be written. Minidumps are not enabled by default on client versions of Windows
#

---------------  S U M M A R Y ------------

Command Line: -Dmaven.home=EMBEDDED -Dclassworlds.conf=C:\Users\DELL\eclipse\jee-2022-09\.metadata\.plugins\org.eclipse.m2e.launching\launches\m2conf12023946952097505371.tmp -Dmaven.multiModuleProjectDirectory=D:\git\quanlybooking -Dm2e.build.project.data.socket.port=53926 -Dfile.encoding=UTF-8 -Dstdout.encoding=UTF-8 -Dstderr.encoding=UTF-8 -XX:+ShowCodeDetailsInExceptionMessages org.codehaus.plexus.classworlds.launcher.Launcher -B -Dstyle.color=always install

Host: 12th Gen Intel(R) Core(TM) i5-1235U, 12 cores, 15G,  Windows 11 , 64 bit Build 22621 (10.0.22621.3672)
Time: Wed Aug 21 21:58:18 2024 SE Asia Standard Time elapsed time: 4.614726 seconds (0d 0h 0m 4s)

---------------  T H R E A D  ---------------

Current thread (0x0000027380040c60):  JavaThread "C2 CompilerThread1" daemon [_thread_in_native, id=39124, stack(0x000000fb48700000,0x000000fb48800000)]


Current CompileTask:
C2:   4614 8049   !   4       com.sun.tools.javac.file.JavacFileManager$ArchiveContainer::walkDirectories (134 bytes)

Stack: [0x000000fb48700000,0x000000fb48800000]
Native frames: (J=compiled Java code, j=interpreted, Vv=VM code, C=native code)
V  [jvm.dll+0x677d0a]
V  [jvm.dll+0x7d8c54]
V  [jvm.dll+0x7da3fe]
V  [jvm.dll+0x7daa63]
V  [jvm.dll+0x245c5f]
V  [jvm.dll+0xaaa6b]
V  [jvm.dll+0xab00c]
V  [jvm.dll+0x361e8e]
V  [jvm.dll+0x32c551]
V  [jvm.dll+0x32b9ea]
V  [jvm.dll+0x217fff]
V  [jvm.dll+0x217431]
V  [jvm.dll+0x1a3af0]
V  [jvm.dll+0x2270be]
V  [jvm.dll+0x22535b]
V  [jvm.dll+0x78e7bc]
V  [jvm.dll+0x788bba]
V  [jvm.dll+0x676b35]
C  [ucrtbase.dll+0x29333]
C  [KERNEL32.DLL+0x1257d]
C  [ntdll.dll+0x5af28]


---------------  P R O C E S S  ---------------

Threads class SMR info:
_java_thread_list=0x0000027380319e70, length=14, elements={
0x0000027397984f20, 0x00000273ba050a40, 0x00000273ba0515c0, 0x00000273ba05ecb0,
0x00000273ba060580, 0x00000273ba060e40, 0x00000273ba069220, 0x00000273ba06c230,
0x00000273ba075f60, 0x00000273ba078870, 0x00000273baacaaa0, 0x00000273baad8c20,
0x0000027380040c60, 0x000002738031b030
}

Java Threads: ( => current thread )
  0x0000027397984f20 JavaThread "main" [_thread_in_native, id=33844, stack(0x000000fb47400000,0x000000fb47500000)]
  0x00000273ba050a40 JavaThread "Reference Handler" daemon [_thread_blocked, id=29116, stack(0x000000fb47b00000,0x000000fb47c00000)]
  0x00000273ba0515c0 JavaThread "Finalizer" daemon [_thread_blocked, id=38628, stack(0x000000fb47c00000,0x000000fb47d00000)]
  0x00000273ba05ecb0 JavaThread "Signal Dispatcher" daemon [_thread_blocked, id=28352, stack(0x000000fb47d00000,0x000000fb47e00000)]
  0x00000273ba060580 JavaThread "Attach Listener" daemon [_thread_blocked, id=22568, stack(0x000000fb47e00000,0x000000fb47f00000)]
  0x00000273ba060e40 JavaThread "Service Thread" daemon [_thread_blocked, id=39616, stack(0x000000fb47f00000,0x000000fb48000000)]
  0x00000273ba069220 JavaThread "Monitor Deflation Thread" daemon [_thread_blocked, id=37752, stack(0x000000fb48000000,0x000000fb48100000)]
  0x00000273ba06c230 JavaThread "C2 CompilerThread0" daemon [_thread_in_native, id=37196, stack(0x000000fb48100000,0x000000fb48200000)]
  0x00000273ba075f60 JavaThread "C1 CompilerThread0" daemon [_thread_blocked, id=35696, stack(0x000000fb48200000,0x000000fb48300000)]
  0x00000273ba078870 JavaThread "Sweeper thread" daemon [_thread_blocked, id=6340, stack(0x000000fb48300000,0x000000fb48400000)]
  0x00000273baacaaa0 JavaThread "Notification Thread" daemon [_thread_blocked, id=19668, stack(0x000000fb48400000,0x000000fb48500000)]
  0x00000273baad8c20 JavaThread "Common-Cleaner" daemon [_thread_blocked, id=47076, stack(0x000000fb48600000,0x000000fb48700000)]
=>0x0000027380040c60 JavaThread "C2 CompilerThread1" daemon [_thread_in_native, id=39124, stack(0x000000fb48700000,0x000000fb48800000)]
  0x000002738031b030 JavaThread "C2 CompilerThread2" daemon [_thread_in_native, id=29392, stack(0x000000fb48800000,0x000000fb48900000)]

Other Threads:
  0x00000273ba04d030 VMThread "VM Thread" [stack: 0x000000fb47a00000,0x000000fb47b00000] [id=38888]
  0x00000273baaccf80 WatcherThread [stack: 0x000000fb48500000,0x000000fb48600000] [id=39628]
  0x00000273979efcb0 GCTaskThread "GC Thread#0" [stack: 0x000000fb47500000,0x000000fb47600000] [id=36372]
  0x00000273809b5e70 GCTaskThread "GC Thread#1" [stack: 0x000000fb48900000,0x000000fb48a00000] [id=33556]
  0x00000273809c61c0 GCTaskThread "GC Thread#2" [stack: 0x000000fb48a00000,0x000000fb48b00000] [id=17208]
  0x00000273bab7d4b0 GCTaskThread "GC Thread#3" [stack: 0x000000fb48b00000,0x000000fb48c00000] [id=22776]
  0x000002738083bcf0 GCTaskThread "GC Thread#4" [stack: 0x000000fb48c00000,0x000000fb48d00000] [id=39344]
  0x0000027380afb380 GCTaskThread "GC Thread#5" [stack: 0x000000fb48d00000,0x000000fb48e00000] [id=26648]
  0x0000027380955c20 GCTaskThread "GC Thread#6" [stack: 0x000000fb48e00000,0x000000fb48f00000] [id=38880]
  0x00000273808b5020 GCTaskThread "GC Thread#7" [stack: 0x000000fb48f00000,0x000000fb49000000] [id=40220]
  0x00000273806fff00 GCTaskThread "GC Thread#8" [stack: 0x000000fb49000000,0x000000fb49100000] [id=36816]
  0x00000273808d7970 GCTaskThread "GC Thread#9" [stack: 0x000000fb49100000,0x000000fb49200000] [id=36980]
  0x0000027397a00db0 ConcurrentGCThread "G1 Main Marker" [stack: 0x000000fb47600000,0x000000fb47700000] [id=37732]
  0x0000027397a01b40 ConcurrentGCThread "G1 Conc#0" [stack: 0x000000fb47700000,0x000000fb47800000] [id=38048]
  0x0000027380f7be80 ConcurrentGCThread "G1 Conc#1" [stack: 0x000000fb49200000,0x000000fb49300000] [id=35892]
  0x0000027380f7cbf0 ConcurrentGCThread "G1 Conc#2" [stack: 0x000000fb49300000,0x000000fb49400000] [id=37164]
  0x0000027397a2ec30 ConcurrentGCThread "G1 Refine#0" [stack: 0x000000fb47800000,0x000000fb47900000] [id=47092]
  0x00000273b9f81da0 ConcurrentGCThread "G1 Service" [stack: 0x000000fb47900000,0x000000fb47a00000] [id=38808]

Threads with active compile tasks:
C2 CompilerThread0     4636 8083       4       com.sun.tools.javac.code.Scope$ScopeListenerList::walkReferences (101 bytes)
C2 CompilerThread1     4636 8049   !   4       com.sun.tools.javac.file.JavacFileManager$ArchiveContainer::walkDirectories (134 bytes)
C2 CompilerThread2     4636 8053   !   4       jdk.nio.zipfs.ZipFileSystem::iteratorOf (150 bytes)

VM state: not at safepoint (normal execution)

VM Mutex/Monitor currently owned by a thread: None

Heap address: 0x0000000704e00000, size: 4018 MB, Compressed Oops mode: Zero based, Oop shift amount: 3

CDS archive(s) mapped at: [0x00000273bb000000-0x00000273bbbd0000-0x00000273bbbd0000), size 12386304, SharedBaseAddress: 0x00000273bb000000, ArchiveRelocationMode: 1.
Compressed class space mapped at: 0x00000273bc000000-0x00000273fc000000, reserved size: 1073741824
Narrow klass base: 0x00000273bb000000, Narrow klass shift: 0, Narrow klass range: 0x100000000

GC Precious Log:
 CPUs: 12 total, 12 available
 Memory: 16068M
 Large Page Support: Disabled
 NUMA Support: Disabled
 Compressed Oops: Enabled (Zero based)
 Heap Region Size: 2M
 Heap Min Capacity: 8M
 Heap Initial Capacity: 252M
 Heap Max Capacity: 4018M
 Pre-touch: Disabled
 Parallel Workers: 10
 Concurrent Workers: 3
 Concurrent Refinement Workers: 10
 Periodic GC: Disabled

Heap:
 garbage-first heap   total 233472K, used 107145K [0x0000000704e00000, 0x0000000800000000)
  region size 2048K, 31 young (63488K), 3 survivors (6144K)
 Metaspace       used 32830K, committed 33216K, reserved 1114112K
  class space    used 3700K, committed 3904K, reserved 1048576K

Heap Regions: E=young(eden), S=young(survivor), O=old, HS=humongous(starts), HC=humongous(continues), CS=collection set, F=free, OA=open archive, CA=closed archive, TAMS=top-at-mark-start (previous, next)
|   0|0x0000000704e00000, 0x0000000705000000, 0x0000000705000000|100%| O|  |TAMS 0x0000000705000000, 0x0000000704e00000| Untracked 
|   1|0x0000000705000000, 0x0000000705200000, 0x0000000705200000|100%| O|  |TAMS 0x0000000705200000, 0x0000000705000000| Untracked 
|   2|0x0000000705200000, 0x0000000705400000, 0x0000000705400000|100%| O|  |TAMS 0x0000000705400000, 0x0000000705200000| Untracked 
|   3|0x0000000705400000, 0x0000000705600000, 0x0000000705600000|100%| O|  |TAMS 0x0000000705600000, 0x0000000705400000| Untracked 
|   4|0x0000000705600000, 0x0000000705800000, 0x0000000705800000|100%| O|  |TAMS 0x0000000705800000, 0x0000000705600000| Untracked 
|   5|0x0000000705800000, 0x0000000705a00000, 0x0000000705a00000|100%| O|  |TAMS 0x0000000705a00000, 0x0000000705800000| Untracked 
|   6|0x0000000705a00000, 0x0000000705c00000, 0x0000000705c00000|100%| O|  |TAMS 0x0000000705c00000, 0x0000000705a00000| Untracked 
|   7|0x0000000705c00000, 0x0000000705e00000, 0x0000000705e00000|100%| O|  |TAMS 0x0000000705e00000, 0x0000000705c00000| Untracked 
|   8|0x0000000705e00000, 0x0000000705fd4800, 0x0000000706000000| 91%| O|  |TAMS 0x0000000705fd4800, 0x0000000705e00000| Untracked 
|   9|0x0000000706000000, 0x0000000706200000, 0x0000000706200000|100%| O|  |TAMS 0x0000000706200000, 0x0000000706000000| Untracked 
|  10|0x0000000706200000, 0x0000000706400000, 0x0000000706400000|100%|HS|  |TAMS 0x0000000706400000, 0x0000000706200000| Complete 
|  11|0x0000000706400000, 0x0000000706600000, 0x0000000706600000|100%| O|  |TAMS 0x0000000706600000, 0x0000000706400000| Untracked 
|  12|0x0000000706600000, 0x0000000706800000, 0x0000000706800000|100%| O|  |TAMS 0x00000007066db600, 0x0000000706600000| Untracked 
|  13|0x0000000706800000, 0x0000000706a00000, 0x0000000706a00000|100%| O|  |TAMS 0x0000000706800000, 0x0000000706800000| Untracked 
|  14|0x0000000706a00000, 0x0000000706bca400, 0x0000000706c00000| 89%| O|  |TAMS 0x0000000706a00000, 0x0000000706a00000| Untracked 
|  15|0x0000000706c00000, 0x0000000706e00000, 0x0000000706e00000|100%|HS|  |TAMS 0x0000000706c00000, 0x0000000706c00000| Complete 
|  16|0x0000000706e00000, 0x0000000706e00000, 0x0000000707000000|  0%| F|  |TAMS 0x0000000706e00000, 0x0000000706e00000| Untracked 
|  17|0x0000000707000000, 0x0000000707200000, 0x0000000707200000|100%| O|  |TAMS 0x0000000707200000, 0x0000000707000000| Untracked 
|  18|0x0000000707200000, 0x0000000707400000, 0x0000000707400000|100%| O|  |TAMS 0x0000000707400000, 0x0000000707200000| Untracked 
|  19|0x0000000707400000, 0x0000000707600000, 0x0000000707600000|100%| O|  |TAMS 0x0000000707600000, 0x0000000707400000| Untracked 
|  20|0x0000000707600000, 0x0000000707800000, 0x0000000707800000|100%| O|  |TAMS 0x0000000707800000, 0x0000000707600000| Untracked 
|  21|0x0000000707800000, 0x0000000707a00000, 0x0000000707a00000|100%| O|  |TAMS 0x0000000707a00000, 0x0000000707800000| Untracked 
|  22|0x0000000707a00000, 0x0000000707c00000, 0x0000000707c00000|100%| O|  |TAMS 0x0000000707c00000, 0x0000000707a00000| Untracked 
|  23|0x0000000707c00000, 0x0000000707e00000, 0x0000000707e00000|100%| O|  |TAMS 0x0000000707e00000, 0x0000000707c00000| Untracked 
|  24|0x0000000707e00000, 0x0000000707e00000, 0x0000000708000000|  0%| F|  |TAMS 0x0000000707e00000, 0x0000000707e00000| Untracked 
|  25|0x0000000708000000, 0x0000000708000000, 0x0000000708200000|  0%| F|  |TAMS 0x0000000708000000, 0x0000000708000000| Untracked 
|  26|0x0000000708200000, 0x0000000708200000, 0x0000000708400000|  0%| F|  |TAMS 0x0000000708200000, 0x0000000708200000| Untracked 
|  27|0x0000000708400000, 0x0000000708400000, 0x0000000708600000|  0%| F|  |TAMS 0x0000000708400000, 0x0000000708400000| Untracked 
|  28|0x0000000708600000, 0x0000000708600000, 0x0000000708800000|  0%| F|  |TAMS 0x0000000708600000, 0x0000000708600000| Untracked 
|  29|0x0000000708800000, 0x0000000708800000, 0x0000000708a00000|  0%| F|  |TAMS 0x0000000708800000, 0x0000000708800000| Untracked 
|  30|0x0000000708a00000, 0x0000000708a00000, 0x0000000708c00000|  0%| F|  |TAMS 0x0000000708a00000, 0x0000000708a00000| Untracked 
|  31|0x0000000708c00000, 0x0000000708c00000, 0x0000000708e00000|  0%| F|  |TAMS 0x0000000708c00000, 0x0000000708c00000| Untracked 
|  32|0x0000000708e00000, 0x0000000708f038a0, 0x0000000709000000| 50%| S|CS|TAMS 0x0000000708e00000, 0x0000000708e00000| Complete 
|  33|0x0000000709000000, 0x0000000709200000, 0x0000000709200000|100%| S|CS|TAMS 0x0000000709000000, 0x0000000709000000| Complete 
|  34|0x0000000709200000, 0x0000000709200000, 0x0000000709400000|  0%| F|  |TAMS 0x0000000709200000, 0x0000000709200000| Untracked 
|  35|0x0000000709400000, 0x0000000709600000, 0x0000000709600000|100%| S|CS|TAMS 0x0000000709400000, 0x0000000709400000| Complete 
|  36|0x0000000709600000, 0x0000000709600000, 0x0000000709800000|  0%| F|  |TAMS 0x0000000709600000, 0x0000000709600000| Untracked 
|  37|0x0000000709800000, 0x0000000709800000, 0x0000000709a00000|  0%| F|  |TAMS 0x0000000709800000, 0x0000000709800000| Untracked 
|  38|0x0000000709a00000, 0x0000000709a00000, 0x0000000709c00000|  0%| F|  |TAMS 0x0000000709a00000, 0x0000000709a00000| Untracked 
|  39|0x0000000709c00000, 0x0000000709c00000, 0x0000000709e00000|  0%| F|  |TAMS 0x0000000709c00000, 0x0000000709c00000| Untracked 
|  40|0x0000000709e00000, 0x0000000709e00000, 0x000000070a000000|  0%| F|  |TAMS 0x0000000709e00000, 0x0000000709e00000| Untracked 
|  41|0x000000070a000000, 0x000000070a000000, 0x000000070a200000|  0%| F|  |TAMS 0x000000070a000000, 0x000000070a000000| Untracked 
|  42|0x000000070a200000, 0x000000070a200000, 0x000000070a400000|  0%| F|  |TAMS 0x000000070a200000, 0x000000070a200000| Untracked 
|  43|0x000000070a400000, 0x000000070a400000, 0x000000070a600000|  0%| F|  |TAMS 0x000000070a400000, 0x000000070a400000| Untracked 
|  44|0x000000070a600000, 0x000000070a600000, 0x000000070a800000|  0%| F|  |TAMS 0x000000070a600000, 0x000000070a600000| Untracked 
|  45|0x000000070a800000, 0x000000070a800000, 0x000000070aa00000|  0%| F|  |TAMS 0x000000070a800000, 0x000000070a800000| Untracked 
|  46|0x000000070aa00000, 0x000000070aa00000, 0x000000070ac00000|  0%| F|  |TAMS 0x000000070aa00000, 0x000000070aa00000| Untracked 
|  47|0x000000070ac00000, 0x000000070ac00000, 0x000000070ae00000|  0%| F|  |TAMS 0x000000070ac00000, 0x000000070ac00000| Untracked 
|  48|0x000000070ae00000, 0x000000070ae00000, 0x000000070b000000|  0%| F|  |TAMS 0x000000070ae00000, 0x000000070ae00000| Untracked 
|  49|0x000000070b000000, 0x000000070b000000, 0x000000070b200000|  0%| F|  |TAMS 0x000000070b000000, 0x000000070b000000| Untracked 
|  50|0x000000070b200000, 0x000000070b200000, 0x000000070b400000|  0%| F|  |TAMS 0x000000070b200000, 0x000000070b200000| Untracked 
|  51|0x000000070b400000, 0x000000070b400000, 0x000000070b600000|  0%| F|  |TAMS 0x000000070b400000, 0x000000070b400000| Untracked 
|  52|0x000000070b600000, 0x000000070b600000, 0x000000070b800000|  0%| F|  |TAMS 0x000000070b600000, 0x000000070b600000| Untracked 
|  53|0x000000070b800000, 0x000000070b800000, 0x000000070ba00000|  0%| F|  |TAMS 0x000000070b800000, 0x000000070b800000| Untracked 
|  54|0x000000070ba00000, 0x000000070ba00000, 0x000000070bc00000|  0%| F|  |TAMS 0x000000070ba00000, 0x000000070ba00000| Untracked 
|  55|0x000000070bc00000, 0x000000070bc00000, 0x000000070be00000|  0%| F|  |TAMS 0x000000070bc00000, 0x000000070bc00000| Untracked 
|  56|0x000000070be00000, 0x000000070be00000, 0x000000070c000000|  0%| F|  |TAMS 0x000000070be00000, 0x000000070be00000| Untracked 
|  57|0x000000070c000000, 0x000000070c000000, 0x000000070c200000|  0%| F|  |TAMS 0x000000070c000000, 0x000000070c000000| Untracked 
|  58|0x000000070c200000, 0x000000070c200000, 0x000000070c400000|  0%| F|  |TAMS 0x000000070c200000, 0x000000070c200000| Untracked 
|  59|0x000000070c400000, 0x000000070c400000, 0x000000070c600000|  0%| F|  |TAMS 0x000000070c400000, 0x000000070c400000| Untracked 
|  60|0x000000070c600000, 0x000000070c600000, 0x000000070c800000|  0%| F|  |TAMS 0x000000070c600000, 0x000000070c600000| Untracked 
|  61|0x000000070c800000, 0x000000070c800000, 0x000000070ca00000|  0%| F|  |TAMS 0x000000070c800000, 0x000000070c800000| Untracked 
|  62|0x000000070ca00000, 0x000000070ca00000, 0x000000070cc00000|  0%| F|  |TAMS 0x000000070ca00000, 0x000000070ca00000| Untracked 
|  63|0x000000070cc00000, 0x000000070cc00000, 0x000000070ce00000|  0%| F|  |TAMS 0x000000070cc00000, 0x000000070cc00000| Untracked 
|  64|0x000000070ce00000, 0x000000070ce00000, 0x000000070d000000|  0%| F|  |TAMS 0x000000070ce00000, 0x000000070ce00000| Untracked 
|  65|0x000000070d000000, 0x000000070d000000, 0x000000070d200000|  0%| F|  |TAMS 0x000000070d000000, 0x000000070d000000| Untracked 
|  66|0x000000070d200000, 0x000000070d200000, 0x000000070d400000|  0%| F|  |TAMS 0x000000070d200000, 0x000000070d200000| Untracked 
|  67|0x000000070d400000, 0x000000070d400000, 0x000000070d600000|  0%| F|  |TAMS 0x000000070d400000, 0x000000070d400000| Untracked 
|  68|0x000000070d600000, 0x000000070d600000, 0x000000070d800000|  0%| F|  |TAMS 0x000000070d600000, 0x000000070d600000| Untracked 
|  69|0x000000070d800000, 0x000000070d800000, 0x000000070da00000|  0%| F|  |TAMS 0x000000070d800000, 0x000000070d800000| Untracked 
|  70|0x000000070da00000, 0x000000070da00000, 0x000000070dc00000|  0%| F|  |TAMS 0x000000070da00000, 0x000000070da00000| Untracked 
|  71|0x000000070dc00000, 0x000000070dc00000, 0x000000070de00000|  0%| F|  |TAMS 0x000000070dc00000, 0x000000070dc00000| Untracked 
|  72|0x000000070de00000, 0x000000070de00000, 0x000000070e000000|  0%| F|  |TAMS 0x000000070de00000, 0x000000070de00000| Untracked 
|  73|0x000000070e000000, 0x000000070e000000, 0x000000070e200000|  0%| F|  |TAMS 0x000000070e000000, 0x000000070e000000| Untracked 
|  74|0x000000070e200000, 0x000000070e200000, 0x000000070e400000|  0%| F|  |TAMS 0x000000070e200000, 0x000000070e200000| Untracked 
|  75|0x000000070e400000, 0x000000070e400000, 0x000000070e600000|  0%| F|  |TAMS 0x000000070e400000, 0x000000070e400000| Untracked 
|  76|0x000000070e600000, 0x000000070e600000, 0x000000070e800000|  0%| F|  |TAMS 0x000000070e600000, 0x000000070e600000| Untracked 
|  77|0x000000070e800000, 0x000000070e800000, 0x000000070ea00000|  0%| F|  |TAMS 0x000000070e800000, 0x000000070e800000| Untracked 
|  78|0x000000070ea00000, 0x000000070ea00000, 0x000000070ec00000|  0%| F|  |TAMS 0x000000070ea00000, 0x000000070ea00000| Untracked 
|  79|0x000000070ec00000, 0x000000070ec00000, 0x000000070ee00000|  0%| F|  |TAMS 0x000000070ec00000, 0x000000070ec00000| Untracked 
|  80|0x000000070ee00000, 0x000000070ee00000, 0x000000070f000000|  0%| F|  |TAMS 0x000000070ee00000, 0x000000070ee00000| Untracked 
|  81|0x000000070f000000, 0x000000070f000000, 0x000000070f200000|  0%| F|  |TAMS 0x000000070f000000, 0x000000070f000000| Untracked 
|  82|0x000000070f200000, 0x000000070f200000, 0x000000070f400000|  0%| F|  |TAMS 0x000000070f200000, 0x000000070f200000| Untracked 
|  83|0x000000070f400000, 0x000000070f400000, 0x000000070f600000|  0%| F|  |TAMS 0x000000070f400000, 0x000000070f400000| Untracked 
|  84|0x000000070f600000, 0x000000070f600000, 0x000000070f800000|  0%| F|  |TAMS 0x000000070f600000, 0x000000070f600000| Untracked 
|  85|0x000000070f800000, 0x000000070f800000, 0x000000070fa00000|  0%| F|  |TAMS 0x000000070f800000, 0x000000070f800000| Untracked 
|  86|0x000000070fa00000, 0x000000070fc00000, 0x000000070fc00000|100%| E|  |TAMS 0x000000070fa00000, 0x000000070fa00000| Complete 
|  87|0x000000070fc00000, 0x000000070fe00000, 0x000000070fe00000|100%| E|CS|TAMS 0x000000070fc00000, 0x000000070fc00000| Complete 
|  88|0x000000070fe00000, 0x0000000710000000, 0x0000000710000000|100%| E|CS|TAMS 0x000000070fe00000, 0x000000070fe00000| Complete 
|  89|0x0000000710000000, 0x0000000710200000, 0x0000000710200000|100%| E|CS|TAMS 0x0000000710000000, 0x0000000710000000| Complete 
|  90|0x0000000710200000, 0x0000000710400000, 0x0000000710400000|100%| E|CS|TAMS 0x0000000710200000, 0x0000000710200000| Complete 
|  91|0x0000000710400000, 0x0000000710600000, 0x0000000710600000|100%| E|CS|TAMS 0x0000000710400000, 0x0000000710400000| Complete 
|  92|0x0000000710600000, 0x0000000710800000, 0x0000000710800000|100%| E|CS|TAMS 0x0000000710600000, 0x0000000710600000| Complete 
|  93|0x0000000710800000, 0x0000000710a00000, 0x0000000710a00000|100%| E|CS|TAMS 0x0000000710800000, 0x0000000710800000| Complete 
|  94|0x0000000710a00000, 0x0000000710c00000, 0x0000000710c00000|100%| E|CS|TAMS 0x0000000710a00000, 0x0000000710a00000| Complete 
|  95|0x0000000710c00000, 0x0000000710e00000, 0x0000000710e00000|100%| E|CS|TAMS 0x0000000710c00000, 0x0000000710c00000| Complete 
|  96|0x0000000710e00000, 0x0000000711000000, 0x0000000711000000|100%| E|CS|TAMS 0x0000000710e00000, 0x0000000710e00000| Complete 
|  97|0x0000000711000000, 0x0000000711200000, 0x0000000711200000|100%| E|CS|TAMS 0x0000000711000000, 0x0000000711000000| Complete 
|  98|0x0000000711200000, 0x0000000711400000, 0x0000000711400000|100%| E|CS|TAMS 0x0000000711200000, 0x0000000711200000| Complete 
|  99|0x0000000711400000, 0x0000000711600000, 0x0000000711600000|100%| E|CS|TAMS 0x0000000711400000, 0x0000000711400000| Complete 
| 100|0x0000000711600000, 0x0000000711800000, 0x0000000711800000|100%| E|CS|TAMS 0x0000000711600000, 0x0000000711600000| Complete 
| 101|0x0000000711800000, 0x0000000711a00000, 0x0000000711a00000|100%| E|CS|TAMS 0x0000000711800000, 0x0000000711800000| Complete 
| 102|0x0000000711a00000, 0x0000000711c00000, 0x0000000711c00000|100%| E|CS|TAMS 0x0000000711a00000, 0x0000000711a00000| Complete 
| 103|0x0000000711c00000, 0x0000000711e00000, 0x0000000711e00000|100%| E|CS|TAMS 0x0000000711c00000, 0x0000000711c00000| Complete 
| 104|0x0000000711e00000, 0x0000000712000000, 0x0000000712000000|100%| E|CS|TAMS 0x0000000711e00000, 0x0000000711e00000| Complete 
| 105|0x0000000712000000, 0x0000000712200000, 0x0000000712200000|100%| E|CS|TAMS 0x0000000712000000, 0x0000000712000000| Complete 
| 106|0x0000000712200000, 0x0000000712400000, 0x0000000712400000|100%| E|CS|TAMS 0x0000000712200000, 0x0000000712200000| Complete 
| 107|0x0000000712400000, 0x0000000712600000, 0x0000000712600000|100%| E|CS|TAMS 0x0000000712400000, 0x0000000712400000| Complete 
| 108|0x0000000712600000, 0x0000000712800000, 0x0000000712800000|100%| E|CS|TAMS 0x0000000712600000, 0x0000000712600000| Complete 
| 109|0x0000000712800000, 0x0000000712a00000, 0x0000000712a00000|100%| E|CS|TAMS 0x0000000712800000, 0x0000000712800000| Complete 
| 110|0x0000000712a00000, 0x0000000712c00000, 0x0000000712c00000|100%| E|CS|TAMS 0x0000000712a00000, 0x0000000712a00000| Complete 
| 111|0x0000000712c00000, 0x0000000712e00000, 0x0000000712e00000|100%| E|CS|TAMS 0x0000000712c00000, 0x0000000712c00000| Complete 
| 124|0x0000000714600000, 0x0000000714800000, 0x0000000714800000|100%| E|CS|TAMS 0x0000000714600000, 0x0000000714600000| Complete 
| 125|0x0000000714800000, 0x0000000714a00000, 0x0000000714a00000|100%| E|CS|TAMS 0x0000000714800000, 0x0000000714800000| Complete 

Card table byte_map: [0x00000273aef30000,0x00000273af710000] _byte_map_base: 0x00000273ab709000

Marking Bits (Prev, Next): (CMBitMap*) 0x00000273979f01d0, (CMBitMap*) 0x00000273979f0210
 Prev Bits: [0x00000273afef0000, 0x00000273b3db8000)
 Next Bits: [0x00000273b3dc0000, 0x00000273b7c88000)

Polling page: 0x0000027397110000

Metaspace:

Usage:
  Non-class:     28.46 MB used.
      Class:      3.61 MB used.
       Both:     32.08 MB used.

Virtual space:
  Non-class space:       64.00 MB reserved,      28.62 MB ( 45%) committed,  1 nodes.
      Class space:        1.00 GB reserved,       3.81 MB ( <1%) committed,  1 nodes.
             Both:        1.06 GB reserved,      32.44 MB (  3%) committed. 

Chunk freelists:
   Non-Class:  3.38 MB
       Class:  12.16 MB
        Both:  15.54 MB

MaxMetaspaceSize: unlimited
CompressedClassSpaceSize: 1.00 GB
Initial GC threshold: 21.00 MB
Current GC threshold: 47.75 MB
CDS: on
MetaspaceReclaimPolicy: balanced
 - commit_granule_bytes: 65536.
 - commit_granule_words: 8192.
 - virtual_space_node_default_size: 8388608.
 - enlarge_chunks_in_place: 1.
 - new_chunks_are_fully_committed: 0.
 - uncommit_free_chunks: 1.
 - use_allocation_guard: 0.
 - handle_deallocations: 1.


Internal statistics:

num_allocs_failed_limit: 3.
num_arena_births: 266.
num_arena_deaths: 0.
num_vsnodes_births: 2.
num_vsnodes_deaths: 0.
num_space_committed: 519.
num_space_uncommitted: 0.
num_chunks_returned_to_freelist: 3.
num_chunks_taken_from_freelist: 1449.
num_chunk_merges: 0.
num_chunk_splits: 992.
num_chunks_enlarged: 742.
num_purges: 0.
num_inconsistent_stats: 0.

CodeHeap 'non-profiled nmethods': size=120000Kb used=3957Kb max_used=3957Kb free=116042Kb
 bounds [0x00000273a6cd0000, 0x00000273a70b0000, 0x00000273ae200000]
CodeHeap 'profiled nmethods': size=120000Kb used=15268Kb max_used=15268Kb free=104731Kb
 bounds [0x000002739f200000, 0x00000273a00f0000, 0x00000273a6730000]
CodeHeap 'non-nmethods': size=5760Kb used=1247Kb max_used=1290Kb free=4512Kb
 bounds [0x00000273a6730000, 0x00000273a69a0000, 0x00000273a6cd0000]
 total_blobs=7743 nmethods=7213 adapters=440
 compilation: enabled
              stopped_count=0, restarted_count=0
 full_count=0

Compilation events (20 events):
Event: 4.607 Thread 0x00000273ba075f60 nmethod 8088 0x00000273a00deb90 code [0x00000273a00ded40, 0x00000273a00def38]
Event: 4.607 Thread 0x00000273ba075f60 8089   !   2       java.nio.file.FileTreeWalker::wouldLoop (79 bytes)
Event: 4.608 Thread 0x00000273ba075f60 nmethod 8089 0x00000273a00df090 code [0x00000273a00df2a0, 0x00000273a00df698]
Event: 4.608 Thread 0x00000273ba075f60 8090       2       sun.nio.fs.WindowsException::translateToIOException (109 bytes)
Event: 4.608 Thread 0x00000273ba075f60 nmethod 8090 0x00000273a00df910 code [0x00000273a00dfb60, 0x00000273a00e03c8]
Event: 4.608 Thread 0x00000273ba075f60 8092       2       sun.nio.fs.WindowsException::rethrowAsIOException (39 bytes)
Event: 4.609 Thread 0x00000273ba075f60 nmethod 8092 0x00000273a00e0710 code [0x00000273a00e08a0, 0x00000273a00e09e8]
Event: 4.609 Thread 0x00000273ba075f60 8091       2       java.nio.file.NoSuchFileException::<init> (8 bytes)
Event: 4.609 Thread 0x00000273ba075f60 nmethod 8091 0x00000273a00e0b10 code [0x00000273a00e0cc0, 0x00000273a00e0ee8]
Event: 4.609 Thread 0x00000273ba075f60 8096       2       java.nio.file.FileTreeWalker$Event::<init> (9 bytes)
Event: 4.610 Thread 0x00000273ba075f60 nmethod 8096 0x00000273a00e1010 code [0x00000273a00e11a0, 0x00000273a00e1418]
Event: 4.610 Thread 0x00000273ba075f60 8098       2       sun.nio.fs.WindowsException::<init> (15 bytes)
Event: 4.610 Thread 0x00000273ba075f60 nmethod 8098 0x00000273a00e1490 code [0x00000273a00e1640, 0x00000273a00e18d8]
Event: 4.610 Thread 0x00000273ba075f60 8099       2       sun.nio.fs.WindowsException::fillInStackTrace (2 bytes)
Event: 4.611 Thread 0x00000273ba075f60 nmethod 8099 0x00000273a00e1990 code [0x00000273a00e1b20, 0x00000273a00e1c38]
Event: 4.611 Thread 0x00000273ba075f60 8100       2       com.sun.tools.javac.jvm.ClassReader::readCompoundAnnotation (117 bytes)
Event: 4.612 Thread 0x00000273ba075f60 nmethod 8100 0x00000273a00e1d10 code [0x00000273a00e1f40, 0x00000273a00e2868]
Event: 4.612 Thread 0x00000273ba075f60 8101       2       com.sun.tools.javac.jvm.ClassReader::readTypeOrClassSymbol (6 bytes)
Event: 4.613 Thread 0x00000273ba075f60 nmethod 8101 0x00000273a00e2e10 code [0x00000273a00e3000, 0x00000273a00e3488]
Event: 4.613 Thread 0x00000273ba075f60 8102       2       com.sun.tools.javac.file.PathFileObject::openInputStream (19 bytes)

GC Heap History (20 events):
Event: 2.319 GC heap before
{Heap before GC invocations=3 (full 0):
 garbage-first heap   total 258048K, used 18468K [0x0000000704e00000, 0x0000000800000000)
  region size 2048K, 8 young (16384K), 7 survivors (14336K)
 Metaspace       used 21202K, committed 21504K, reserved 1114112K
  class space    used 2434K, committed 2624K, reserved 1048576K
}
Event: 2.324 GC heap after
{Heap after GC invocations=4 (full 0):
 garbage-first heap   total 258048K, used 20306K [0x0000000704e00000, 0x0000000800000000)
  region size 2048K, 1 young (2048K), 1 survivors (2048K)
 Metaspace       used 21202K, committed 21504K, reserved 1114112K
  class space    used 2434K, committed 2624K, reserved 1048576K
}
Event: 2.723 GC heap before
{Heap before GC invocations=5 (full 0):
 garbage-first heap   total 75776K, used 63314K [0x0000000704e00000, 0x0000000800000000)
  region size 2048K, 21 young (43008K), 1 survivors (2048K)
 Metaspace       used 27076K, committed 27392K, reserved 1114112K
  class space    used 3129K, committed 3264K, reserved 1048576K
}
Event: 2.732 GC heap after
{Heap after GC invocations=6 (full 0):
 garbage-first heap   total 81920K, used 38587K [0x0000000704e00000, 0x0000000800000000)
  region size 2048K, 8 young (16384K), 8 survivors (16384K)
 Metaspace       used 27076K, committed 27392K, reserved 1114112K
  class space    used 3129K, committed 3264K, reserved 1048576K
}
Event: 2.849 GC heap before
{Heap before GC invocations=6 (full 0):
 garbage-first heap   total 81920K, used 57019K [0x0000000704e00000, 0x0000000800000000)
  region size 2048K, 17 young (34816K), 8 survivors (16384K)
 Metaspace       used 27632K, committed 27904K, reserved 1114112K
  class space    used 3197K, committed 3328K, reserved 1048576K
}
Event: 2.858 GC heap after
{Heap after GC invocations=7 (full 0):
 garbage-first heap   total 81920K, used 42834K [0x0000000704e00000, 0x0000000800000000)
  region size 2048K, 3 young (6144K), 3 survivors (6144K)
 Metaspace       used 27632K, committed 27904K, reserved 1114112K
  class space    used 3197K, committed 3328K, reserved 1048576K
}
Event: 2.993 GC heap before
{Heap before GC invocations=7 (full 0):
 garbage-first heap   total 81920K, used 59218K [0x0000000704e00000, 0x0000000800000000)
  region size 2048K, 11 young (22528K), 3 survivors (6144K)
 Metaspace       used 28110K, committed 28352K, reserved 1114112K
  class space    used 3220K, committed 3328K, reserved 1048576K
}
Event: 3.002 GC heap after
{Heap after GC invocations=8 (full 0):
 garbage-first heap   total 81920K, used 44802K [0x0000000704e00000, 0x0000000800000000)
  region size 2048K, 2 young (4096K), 2 survivors (4096K)
 Metaspace       used 28110K, committed 28352K, reserved 1114112K
  class space    used 3220K, committed 3328K, reserved 1048576K
}
Event: 3.199 GC heap before
{Heap before GC invocations=8 (full 0):
 garbage-first heap   total 81920K, used 57090K [0x0000000704e00000, 0x0000000800000000)
  region size 2048K, 9 young (18432K), 2 survivors (4096K)
 Metaspace       used 28872K, committed 29248K, reserved 1114112K
  class space    used 3315K, committed 3520K, reserved 1048576K
}
Event: 3.205 GC heap after
{Heap after GC invocations=9 (full 0):
 garbage-first heap   total 116736K, used 45162K [0x0000000704e00000, 0x0000000800000000)
  region size 2048K, 1 young (2048K), 1 survivors (2048K)
 Metaspace       used 28872K, committed 29248K, reserved 1114112K
  class space    used 3315K, committed 3520K, reserved 1048576K
}
Event: 3.509 GC heap before
{Heap before GC invocations=10 (full 0):
 garbage-first heap   total 116736K, used 79978K [0x0000000704e00000, 0x0000000800000000)
  region size 2048K, 18 young (36864K), 1 survivors (2048K)
 Metaspace       used 30296K, committed 30656K, reserved 1114112K
  class space    used 3464K, committed 3648K, reserved 1048576K
}
Event: 3.513 GC heap after
{Heap after GC invocations=11 (full 0):
 garbage-first heap   total 116736K, used 46034K [0x0000000704e00000, 0x0000000800000000)
  region size 2048K, 1 young (2048K), 1 survivors (2048K)
 Metaspace       used 30296K, committed 30656K, reserved 1114112K
  class space    used 3464K, committed 3648K, reserved 1048576K
}
Event: 3.532 GC heap before
{Heap before GC invocations=11 (full 0):
 garbage-first heap   total 116736K, used 48082K [0x0000000704e00000, 0x0000000800000000)
  region size 2048K, 2 young (4096K), 1 survivors (2048K)
 Metaspace       used 30355K, committed 30720K, reserved 1114112K
  class space    used 3477K, committed 3648K, reserved 1048576K
}
Event: 3.539 GC heap after
{Heap after GC invocations=12 (full 0):
 garbage-first heap   total 116736K, used 45925K [0x0000000704e00000, 0x0000000800000000)
  region size 2048K, 1 young (2048K), 1 survivors (2048K)
 Metaspace       used 30355K, committed 30720K, reserved 1114112K
  class space    used 3477K, committed 3648K, reserved 1048576K
}
Event: 3.701 GC heap before
{Heap before GC invocations=12 (full 0):
 garbage-first heap   total 116736K, used 84837K [0x0000000704e00000, 0x0000000800000000)
  region size 2048K, 20 young (40960K), 1 survivors (2048K)
 Metaspace       used 30726K, committed 31168K, reserved 1114112K
  class space    used 3490K, committed 3712K, reserved 1048576K
}
Event: 3.708 GC heap after
{Heap after GC invocations=13 (full 0):
 garbage-first heap   total 116736K, used 47670K [0x0000000704e00000, 0x0000000800000000)
  region size 2048K, 2 young (4096K), 2 survivors (4096K)
 Metaspace       used 30726K, committed 31168K, reserved 1114112K
  class space    used 3490K, committed 3712K, reserved 1048576K
}
Event: 3.813 GC heap before
{Heap before GC invocations=13 (full 0):
 garbage-first heap   total 116736K, used 86582K [0x0000000704e00000, 0x0000000800000000)
  region size 2048K, 21 young (43008K), 2 survivors (4096K)
 Metaspace       used 30853K, committed 31296K, reserved 1114112K
  class space    used 3490K, committed 3712K, reserved 1048576K
}
Event: 3.819 GC heap after
{Heap after GC invocations=14 (full 0):
 garbage-first heap   total 116736K, used 47684K [0x0000000704e00000, 0x0000000800000000)
  region size 2048K, 2 young (4096K), 2 survivors (4096K)
 Metaspace       used 30853K, committed 31296K, reserved 1114112K
  class space    used 3490K, committed 3712K, reserved 1048576K
}
Event: 4.400 GC heap before
{Heap before GC invocations=14 (full 0):
 garbage-first heap   total 116736K, used 88644K [0x0000000704e00000, 0x0000000800000000)
  region size 2048K, 22 young (45056K), 2 survivors (4096K)
 Metaspace       used 32674K, committed 33152K, reserved 1114112K
  class space    used 3694K, committed 3904K, reserved 1048576K
}
Event: 4.409 GC heap after
{Heap after GC invocations=15 (full 0):
 garbage-first heap   total 233472K, used 49801K [0x0000000704e00000, 0x0000000800000000)
  region size 2048K, 3 young (6144K), 3 survivors (6144K)
 Metaspace       used 32674K, committed 33152K, reserved 1114112K
  class space    used 3694K, committed 3904K, reserved 1048576K
}

Deoptimization events (20 events):
Event: 4.517 Thread 0x0000027397984f20 DEOPT PACKING pc=0x000002739f53c2cc sp=0x000000fb474fc6f0
Event: 4.517 Thread 0x0000027397984f20 DEOPT UNPACKING pc=0x00000273a6782b43 sp=0x000000fb474fbc90 mode 0
Event: 4.602 Thread 0x0000027397984f20 Uncommon trap: trap_request=0xffffffc6 fr.pc=0x00000273a6fba09c relative=0x000000000000193c
Event: 4.602 Thread 0x0000027397984f20 Uncommon trap: reason=bimorphic_or_optimized_type_check action=maybe_recompile pc=0x00000273a6fba09c method=com.sun.tools.javac.file.BaseFileManager.getKind(Ljava/nio/file/Path;)Ljavax/tools/JavaFileObject$Kind; @ 1 c2
Event: 4.602 Thread 0x0000027397984f20 DEOPT PACKING pc=0x00000273a6fba09c sp=0x000000fb474fd250
Event: 4.602 Thread 0x0000027397984f20 DEOPT UNPACKING pc=0x00000273a67823a3 sp=0x000000fb474fd1e8 mode 2
Event: 4.602 Thread 0x0000027397984f20 Uncommon trap: trap_request=0xffffffc6 fr.pc=0x00000273a6fba09c relative=0x000000000000193c
Event: 4.602 Thread 0x0000027397984f20 Uncommon trap: reason=bimorphic_or_optimized_type_check action=maybe_recompile pc=0x00000273a6fba09c method=com.sun.tools.javac.file.BaseFileManager.getKind(Ljava/nio/file/Path;)Ljavax/tools/JavaFileObject$Kind; @ 1 c2
Event: 4.602 Thread 0x0000027397984f20 DEOPT PACKING pc=0x00000273a6fba09c sp=0x000000fb474fd250
Event: 4.602 Thread 0x0000027397984f20 DEOPT UNPACKING pc=0x00000273a67823a3 sp=0x000000fb474fd1e8 mode 2
Event: 4.602 Thread 0x0000027397984f20 Uncommon trap: trap_request=0xffffffc6 fr.pc=0x00000273a6fba09c relative=0x000000000000193c
Event: 4.602 Thread 0x0000027397984f20 Uncommon trap: reason=bimorphic_or_optimized_type_check action=maybe_recompile pc=0x00000273a6fba09c method=com.sun.tools.javac.file.BaseFileManager.getKind(Ljava/nio/file/Path;)Ljavax/tools/JavaFileObject$Kind; @ 1 c2
Event: 4.602 Thread 0x0000027397984f20 DEOPT PACKING pc=0x00000273a6fba09c sp=0x000000fb474fd2a0
Event: 4.602 Thread 0x0000027397984f20 DEOPT UNPACKING pc=0x00000273a67823a3 sp=0x000000fb474fd240 mode 2
Event: 4.602 Thread 0x0000027397984f20 Uncommon trap: trap_request=0xffffffc6 fr.pc=0x00000273a6fba09c relative=0x000000000000193c
Event: 4.602 Thread 0x0000027397984f20 Uncommon trap: reason=bimorphic_or_optimized_type_check action=maybe_recompile pc=0x00000273a6fba09c method=com.sun.tools.javac.file.BaseFileManager.getKind(Ljava/nio/file/Path;)Ljavax/tools/JavaFileObject$Kind; @ 1 c2
Event: 4.602 Thread 0x0000027397984f20 DEOPT PACKING pc=0x00000273a6fba09c sp=0x000000fb474fd1c0
Event: 4.602 Thread 0x0000027397984f20 DEOPT UNPACKING pc=0x00000273a67823a3 sp=0x000000fb474fd158 mode 2
Event: 4.602 Thread 0x0000027397984f20 DEOPT PACKING pc=0x000002739fba9254 sp=0x000000fb474fcc90
Event: 4.602 Thread 0x0000027397984f20 DEOPT UNPACKING pc=0x00000273a6782b43 sp=0x000000fb474fc210 mode 0

Classes unloaded (0 events):
No events

Classes redefined (0 events):
No events

Internal exceptions (20 events):
Event: 4.612 Thread 0x0000027397984f20 Exception <a 'sun/nio/fs/WindowsException'{0x000000070ff9aa18}> (0x000000070ff9aa18) 
thrown [s\open\src\hotspot\share\prims\jni.cpp, line 516]
Event: 4.612 Thread 0x0000027397984f20 Exception <a 'sun/nio/fs/WindowsException'{0x000000070ff9ac98}> (0x000000070ff9ac98) 
thrown [s\open\src\hotspot\share\prims\jni.cpp, line 516]
Event: 4.612 Thread 0x0000027397984f20 Exception <a 'sun/nio/fs/WindowsException'{0x000000070ffb4ef0}> (0x000000070ffb4ef0) 
thrown [s\open\src\hotspot\share\prims\jni.cpp, line 516]
Event: 4.612 Thread 0x0000027397984f20 Exception <a 'sun/nio/fs/WindowsException'{0x000000070ffb51b8}> (0x000000070ffb51b8) 
thrown [s\open\src\hotspot\share\prims\jni.cpp, line 516]
Event: 4.612 Thread 0x0000027397984f20 Exception <a 'sun/nio/fs/WindowsException'{0x000000070ffb63c0}> (0x000000070ffb63c0) 
thrown [s\open\src\hotspot\share\prims\jni.cpp, line 516]
Event: 4.612 Thread 0x0000027397984f20 Exception <a 'sun/nio/fs/WindowsException'{0x000000070ffb6750}> (0x000000070ffb6750) 
thrown [s\open\src\hotspot\share\prims\jni.cpp, line 516]
Event: 4.612 Thread 0x0000027397984f20 Exception <a 'sun/nio/fs/WindowsException'{0x000000070ffb92f0}> (0x000000070ffb92f0) 
thrown [s\open\src\hotspot\share\prims\jni.cpp, line 516]
Event: 4.612 Thread 0x0000027397984f20 Exception <a 'sun/nio/fs/WindowsException'{0x000000070ffb95d8}> (0x000000070ffb95d8) 
thrown [s\open\src\hotspot\share\prims\jni.cpp, line 516]
Event: 4.612 Thread 0x0000027397984f20 Exception <a 'sun/nio/fs/WindowsException'{0x000000070ffba710}> (0x000000070ffba710) 
thrown [s\open\src\hotspot\share\prims\jni.cpp, line 516]
Event: 4.612 Thread 0x0000027397984f20 Exception <a 'sun/nio/fs/WindowsException'{0x000000070ffba9d8}> (0x000000070ffba9d8) 
thrown [s\open\src\hotspot\share\prims\jni.cpp, line 516]
Event: 4.613 Thread 0x0000027397984f20 Exception <a 'sun/nio/fs/WindowsException'{0x000000070ffc2f08}> (0x000000070ffc2f08) 
thrown [s\open\src\hotspot\share\prims\jni.cpp, line 516]
Event: 4.613 Thread 0x0000027397984f20 Exception <a 'sun/nio/fs/WindowsException'{0x000000070ffc3178}> (0x000000070ffc3178) 
thrown [s\open\src\hotspot\share\prims\jni.cpp, line 516]
Event: 4.613 Thread 0x0000027397984f20 Exception <a 'sun/nio/fs/WindowsException'{0x000000070ffddbf8}> (0x000000070ffddbf8) 
thrown [s\open\src\hotspot\share\prims\jni.cpp, line 516]
Event: 4.613 Thread 0x0000027397984f20 Exception <a 'sun/nio/fs/WindowsException'{0x000000070ffddeb8}> (0x000000070ffddeb8) 
thrown [s\open\src\hotspot\share\prims\jni.cpp, line 516]
Event: 4.613 Thread 0x0000027397984f20 Exception <a 'sun/nio/fs/WindowsException'{0x000000070ffdf0b0}> (0x000000070ffdf0b0) 
thrown [s\open\src\hotspot\share\prims\jni.cpp, line 516]
Event: 4.613 Thread 0x0000027397984f20 Exception <a 'sun/nio/fs/WindowsException'{0x000000070ffdf438}> (0x000000070ffdf438) 
thrown [s\open\src\hotspot\share\prims\jni.cpp, line 516]
Event: 4.613 Thread 0x0000027397984f20 Exception <a 'sun/nio/fs/WindowsException'{0x000000070ffe25e8}> (0x000000070ffe25e8) 
thrown [s\open\src\hotspot\share\prims\jni.cpp, line 516]
Event: 4.613 Thread 0x0000027397984f20 Exception <a 'sun/nio/fs/WindowsException'{0x000000070ffe28e8}> (0x000000070ffe28e8) 
thrown [s\open\src\hotspot\share\prims\jni.cpp, line 516]
Event: 4.613 Thread 0x0000027397984f20 Exception <a 'sun/nio/fs/WindowsException'{0x000000070ffe3a40}> (0x000000070ffe3a40) 
thrown [s\open\src\hotspot\share\prims\jni.cpp, line 516]
Event: 4.613 Thread 0x0000027397984f20 Exception <a 'sun/nio/fs/WindowsException'{0x000000070ffe3d20}> (0x000000070ffe3d20) 
thrown [s\open\src\hotspot\share\prims\jni.cpp, line 516]

VM Operations (20 events):
Event: 4.078 Executing VM operation: HandshakeAllThreads
Event: 4.078 Executing VM operation: HandshakeAllThreads done
Event: 4.081 Executing VM operation: HandshakeAllThreads
Event: 4.081 Executing VM operation: HandshakeAllThreads done
Event: 4.136 Executing VM operation: ICBufferFull
Event: 4.136 Executing VM operation: ICBufferFull done
Event: 4.197 Executing VM operation: ICBufferFull
Event: 4.197 Executing VM operation: ICBufferFull done
Event: 4.266 Executing VM operation: ICBufferFull
Event: 4.267 Executing VM operation: ICBufferFull done
Event: 4.330 Executing VM operation: HandshakeAllThreads
Event: 4.330 Executing VM operation: HandshakeAllThreads done
Event: 4.331 Executing VM operation: ICBufferFull
Event: 4.331 Executing VM operation: ICBufferFull done
Event: 4.352 Executing VM operation: ICBufferFull
Event: 4.352 Executing VM operation: ICBufferFull done
Event: 4.400 Executing VM operation: G1CollectForAllocation
Event: 4.409 Executing VM operation: G1CollectForAllocation done
Event: 4.446 Executing VM operation: HandshakeAllThreads
Event: 4.446 Executing VM operation: HandshakeAllThreads done

Events (20 events):
Event: 4.071 loading class java/util/EnumMap$EntrySet done
Event: 4.071 loading class java/util/EnumMap$EntryIterator
Event: 4.072 loading class java/util/EnumMap$EnumMapIterator
Event: 4.072 loading class java/util/EnumMap$EnumMapIterator done
Event: 4.072 loading class java/util/EnumMap$EntryIterator done
Event: 4.072 loading class java/util/EnumMap$EntryIterator$Entry
Event: 4.072 loading class java/util/EnumMap$EntryIterator$Entry done
Event: 4.304 loading class java/util/stream/ReduceOps$2
Event: 4.304 loading class java/util/stream/ReduceOps$2 done
Event: 4.304 loading class java/util/stream/ReduceOps$2ReducingSink
Event: 4.304 loading class java/util/stream/ReduceOps$2ReducingSink done
Event: 4.323 loading class java/util/EnumMap$Values
Event: 4.323 loading class java/util/EnumMap$Values done
Event: 4.323 loading class java/util/EnumMap$ValueIterator
Event: 4.323 loading class java/util/EnumMap$ValueIterator done
Event: 4.325 loading class java/util/WeakHashMap$KeyIterator
Event: 4.325 loading class java/util/WeakHashMap$KeyIterator done
Event: 4.328 loading class java/text/MessageFormat$Field
Event: 4.328 loading class java/text/MessageFormat$Field done
Event: 4.339 Thread 0x00000273ba078870 flushing nmethod 0x000002739fdfa910


Dynamic libraries:
0x00007ff78e840000 - 0x00007ff78e850000 	C:\Program Files\Java\jdk-17\bin\javaw.exe
0x00007ffcd8e90000 - 0x00007ffcd90a7000 	C:\WINDOWS\SYSTEM32\ntdll.dll
0x00007ffcd6f90000 - 0x00007ffcd7054000 	C:\WINDOWS\System32\KERNEL32.DLL
0x00007ffcd6390000 - 0x00007ffcd673d000 	C:\WINDOWS\System32\KERNELBASE.dll
0x00007ffcd6820000 - 0x00007ffcd6931000 	C:\WINDOWS\System32\ucrtbase.dll
0x00007ffcc3c70000 - 0x00007ffcc3c89000 	C:\Program Files\Java\jdk-17\bin\jli.dll
0x00007ffcd7060000 - 0x00007ffcd7112000 	C:\WINDOWS\System32\ADVAPI32.dll
0x00007ffcbef90000 - 0x00007ffcbefab000 	C:\Program Files\Java\jdk-17\bin\VCRUNTIME140.dll
0x00007ffcd7550000 - 0x00007ffcd75f7000 	C:\WINDOWS\System32\msvcrt.dll
0x00007ffcd6ce0000 - 0x00007ffcd6d89000 	C:\WINDOWS\System32\sechost.dll
0x00007ffcd67f0000 - 0x00007ffcd6818000 	C:\WINDOWS\System32\bcrypt.dll
0x00007ffcd7280000 - 0x00007ffcd7394000 	C:\WINDOWS\System32\RPCRT4.dll
0x00007ffcd73a0000 - 0x00007ffcd754e000 	C:\WINDOWS\System32\USER32.dll
0x00007ffcd6740000 - 0x00007ffcd6766000 	C:\WINDOWS\System32\win32u.dll
0x00007ffcd7b90000 - 0x00007ffcd7bb9000 	C:\WINDOWS\System32\GDI32.dll
0x00007ffcd6ab0000 - 0x00007ffcd6bc9000 	C:\WINDOWS\System32\gdi32full.dll
0x00007ffcd62f0000 - 0x00007ffcd638a000 	C:\WINDOWS\System32\msvcp_win.dll
0x00007ffcc5960000 - 0x00007ffcc5bf3000 	C:\WINDOWS\WinSxS\amd64_microsoft.windows.common-controls_6595b64144ccf1df_6.0.22621.3672_none_2713b9d173822955\COMCTL32.dll
0x00007ffcd5d70000 - 0x00007ffcd5d7a000 	C:\WINDOWS\SYSTEM32\VERSION.dll
0x00007ffcd7c90000 - 0x00007ffcd7cc1000 	C:\WINDOWS\System32\IMM32.DLL
0x0000000073e70000 - 0x0000000073e7c000 	C:\Program Files (x86)\360\Total Security\safemon\SafeWrapper.dll
0x00007ffc7b2e0000 - 0x00007ffc7b38c000 	C:\Program Files (x86)\360\Total Security\safemon\libzdtp64.dll
0x00007ffcd8080000 - 0x00007ffcd88df000 	C:\WINDOWS\System32\SHELL32.dll
0x00007ffcd7120000 - 0x00007ffcd717e000 	C:\WINDOWS\System32\SHLWAPI.dll
0x00007ffcc3c60000 - 0x00007ffcc3c6c000 	C:\Program Files\Java\jdk-17\bin\vcruntime140_1.dll
0x00007ffc864b0000 - 0x00007ffc8653e000 	C:\Program Files\Java\jdk-17\bin\msvcp140.dll
0x00007ffc14230000 - 0x00007ffc14e0e000 	C:\Program Files\Java\jdk-17\bin\server\jvm.dll
0x00007ffcd7e90000 - 0x00007ffcd7e98000 	C:\WINDOWS\System32\PSAPI.DLL
0x00007ffcb2ab0000 - 0x00007ffcb2ab9000 	C:\WINDOWS\SYSTEM32\WSOCK32.dll
0x00007ffcd0a50000 - 0x00007ffcd0a84000 	C:\WINDOWS\SYSTEM32\WINMM.dll
0x00007ffcd6bd0000 - 0x00007ffcd6c41000 	C:\WINDOWS\System32\WS2_32.dll
0x00007ffcd5140000 - 0x00007ffcd5158000 	C:\WINDOWS\SYSTEM32\kernel.appcore.dll
0x00007ffcc3c10000 - 0x00007ffcc3c1a000 	C:\Program Files\Java\jdk-17\bin\jimage.dll
0x00007ffcd3620000 - 0x00007ffcd3852000 	C:\WINDOWS\SYSTEM32\DBGHELP.DLL
0x00007ffcd7610000 - 0x00007ffcd7998000 	C:\WINDOWS\System32\combase.dll
0x00007ffcd8d70000 - 0x00007ffcd8e47000 	C:\WINDOWS\System32\OLEAUT32.dll
0x00007ffcd0a10000 - 0x00007ffcd0a42000 	C:\WINDOWS\SYSTEM32\dbgcore.DLL
0x00007ffcd6770000 - 0x00007ffcd67eb000 	C:\WINDOWS\System32\bcryptPrimitives.dll
0x00007ffcbe810000 - 0x00007ffcbe835000 	C:\Program Files\Java\jdk-17\bin\java.dll
0x00007ffc78730000 - 0x00007ffc78807000 	C:\Program Files\Java\jdk-17\bin\jsvml.dll
0x00007ffcd4050000 - 0x00007ffcd494c000 	C:\WINDOWS\SYSTEM32\windows.storage.dll
0x00007ffcd3f10000 - 0x00007ffcd404f000 	C:\WINDOWS\SYSTEM32\wintypes.dll
0x00007ffcd7f80000 - 0x00007ffcd8074000 	C:\WINDOWS\System32\SHCORE.dll
0x00007ffcd60f0000 - 0x00007ffcd6111000 	C:\WINDOWS\SYSTEM32\profapi.dll
0x00007ffcbeca0000 - 0x00007ffcbecb9000 	C:\Program Files\Java\jdk-17\bin\net.dll
0x00007ffccc530000 - 0x00007ffccc666000 	C:\WINDOWS\SYSTEM32\WINHTTP.dll
0x00007ffcd55a0000 - 0x00007ffcd5609000 	C:\WINDOWS\system32\mswsock.dll
0x00007ffcbe7f0000 - 0x00007ffcbe806000 	C:\Program Files\Java\jdk-17\bin\nio.dll
0x00007ffcbe7d0000 - 0x00007ffcbe7e8000 	C:\Program Files\Java\jdk-17\bin\zip.dll
0x00007ffcbe0e0000 - 0x00007ffcbe104000 	C:\Users\DELL\AppData\Local\Temp\jansi-2.4.1-f87b4b426cb53de1-jansi.dll
0x00007ffcbf0b0000 - 0x00007ffcbf0c0000 	C:\Program Files\Java\jdk-17\bin\verify.dll
0x00007ffcd4bb0000 - 0x00007ffcd4bdd000 	C:\WINDOWS\SYSTEM32\IPHLPAPI.DLL
0x00007ffcd7b80000 - 0x00007ffcd7b89000 	C:\WINDOWS\System32\NSI.dll
0x00007ffccc260000 - 0x00007ffccc279000 	C:\WINDOWS\SYSTEM32\dhcpcsvc6.DLL
0x00007ffccc240000 - 0x00007ffccc25f000 	C:\WINDOWS\SYSTEM32\dhcpcsvc.DLL
0x00007ffcd4be0000 - 0x00007ffcd4cd8000 	C:\WINDOWS\SYSTEM32\DNSAPI.dll

dbghelp: loaded successfully - version: 4.0.5 - missing functions: none
symbol engine: initialized successfully - sym options: 0x614 - pdb path: .;C:\Program Files\Java\jdk-17\bin;C:\WINDOWS\SYSTEM32;C:\WINDOWS\WinSxS\amd64_microsoft.windows.common-controls_6595b64144ccf1df_6.0.22621.3672_none_2713b9d173822955;C:\Program Files (x86)\360\Total Security\safemon;C:\Program Files\Java\jdk-17\bin\server;C:\Users\DELL\AppData\Local\Temp

VM Arguments:
jvm_args: -Dmaven.home=EMBEDDED -Dclassworlds.conf=C:\Users\DELL\eclipse\jee-2022-09\.metadata\.plugins\org.eclipse.m2e.launching\launches\m2conf12023946952097505371.tmp -Dmaven.multiModuleProjectDirectory=D:\git\quanlybooking -Dm2e.build.project.data.socket.port=53926 -Dfile.encoding=UTF-8 -Dstdout.encoding=UTF-8 -Dstderr.encoding=UTF-8 -XX:+ShowCodeDetailsInExceptionMessages 
java_command: org.codehaus.plexus.classworlds.launcher.Launcher -B -Dstyle.color=always install
java_class_path (initial): C:\Users\DELL\.p2\pool\plugins\org.eclipse.m2e.maven.runtime_3.9.700.20240602-2313\jars\plexus-classworlds-2.8.0.jar
Launcher Type: SUN_STANDARD

[Global flags]
     intx CICompilerCount                          = 4                                         {product} {ergonomic}
     uint ConcGCThreads                            = 3                                         {product} {ergonomic}
     uint G1ConcRefinementThreads                  = 10                                        {product} {ergonomic}
   size_t G1HeapRegionSize                         = 2097152                                   {product} {ergonomic}
    uintx GCDrainStackTargetSize                   = 64                                        {product} {ergonomic}
   size_t InitialHeapSize                          = 264241152                                 {product} {ergonomic}
   size_t MarkStackSize                            = 4194304                                   {product} {ergonomic}
   size_t MaxHeapSize                              = 4213178368                                {product} {ergonomic}
   size_t MaxNewSize                               = 2527068160                                {product} {ergonomic}
   size_t MinHeapDeltaBytes                        = 2097152                                   {product} {ergonomic}
   size_t MinHeapSize                              = 8388608                                   {product} {ergonomic}
    uintx NonNMethodCodeHeapSize                   = 5839372                                {pd product} {ergonomic}
    uintx NonProfiledCodeHeapSize                  = 122909434                              {pd product} {ergonomic}
    uintx ProfiledCodeHeapSize                     = 122909434                              {pd product} {ergonomic}
    uintx ReservedCodeCacheSize                    = 251658240                              {pd product} {ergonomic}
     bool SegmentedCodeCache                       = true                                      {product} {ergonomic}
     bool ShowCodeDetailsInExceptionMessages       = true                                   {manageable} {command line}
   size_t SoftMaxHeapSize                          = 4213178368                             {manageable} {ergonomic}
     bool UseCompressedClassPointers               = true                           {product lp64_product} {ergonomic}
     bool UseCompressedOops                        = true                           {product lp64_product} {ergonomic}
     bool UseG1GC                                  = true                                      {product} {ergonomic}
     bool UseLargePagesIndividualAllocation        = false                                  {pd product} {ergonomic}

Logging:
Log output configuration:
 #0: stdout all=warning uptime,level,tags
 #1: stderr all=off uptime,level,tags

Environment Variables:
JAVA_HOME=C:\Program Files\Java\jdk-11
PATH=C:/Users/DELL/.p2/pool/plugins/org.eclipse.justj.openjdk.hotspot.jre.full.win32.x86_64_22.0.1.v20240426-1149/jre/bin/server;C:/Users/DELL/.p2/pool/plugins/org.eclipse.justj.openjdk.hotspot.jre.full.win32.x86_64_22.0.1.v20240426-1149/jre/bin;D:\WINDOWS.X64_213000_db_home\bin;C:\Program Files\Common Files\Oracle\Java\javapath;C:\Program Files\Java\jdk-11\bin;C:\WINDOWS\system32;C:\WINDOWS;C:\WINDOWS\System32\Wbem;C:\WINDOWS\System32\WindowsPowerShell\v1.0\;C:\WINDOWS\System32\OpenSSH\;C:\Program Files\Microsoft SQL Server\Client SDK\ODBC\170\Tools\Binn\;C:\Program Files\Microsoft SQL Server\150\Tools\Binn\;C:\Program Files\dotnet\;C:\Program Files\nodejs\;C:\Program Files\Git\cmd;C:\Program Files\Git\bin;D:\Maven\apache-maven-3.8.8-bin\bin;C:\Program Files\MySQL\MySQL Server 8.0\bin;C:\Users\DELL\AppData\Local\Microsoft\WindowsApps;C:\Users\DELL\.dotnet\tools;C:\PyCharm 2023.1\bin;;C:\src\flutter\bin;C:\Users\DELL\AppData\Local\Programs\Microsoft VS Code\bin;C:\Users\DELL\AppData\Roaming\npm;C:\Users\DELL\AppData\Local\GitHubDesktop\bin;C:\Program Files\Git\bin;C:\Program Files\Git\cmd;;C:\Users\DELL\Desktop;
USERNAME=DELL
OS=Windows_NT
PROCESSOR_IDENTIFIER=Intel64 Family 6 Model 154 Stepping 4, GenuineIntel



---------------  S Y S T E M  ---------------

OS:
 Windows 11 , 64 bit Build 22621 (10.0.22621.3672)
OS uptime: 1 days 8:13 hours
Hyper-V role detected

CPU: total 12 (initial active 12) (6 cores per cpu, 2 threads per core) family 6 model 154 stepping 4 microcode 0x42a, cx8, cmov, fxsr, ht, mmx, 3dnowpref, sse, sse2, sse3, ssse3, sse4.1, sse4.2, popcnt, lzcnt, tsc, tscinvbit, avx, avx2, aes, erms, clmul, bmi1, bmi2, adx, sha, fma, vzeroupper, clflush, clflushopt, clwb, hv

Memory: 4k page, system-wide physical 16068M (3172M free)
TotalPageFile size 24248M (AvailPageFile size 6M)
current process WorkingSet (physical memory assigned to process): 343M, peak: 343M
current process commit charge ("private bytes"): 446M, peak: 448M

vm_info: Java HotSpot(TM) 64-Bit Server VM (17.0.8+9-LTS-211) for windows-amd64 JRE (17.0.8+9-LTS-211), built on Jun 14 2023 10:34:31 by "mach5one" with MS VC++ 17.1 (VS2022)

END.
